[2015.12.02-13.30.23:138][  0]Log file open, 12/02/15 07:30:23
[2015.12.02-13.30.23:138][  0]LogInit:Display: Running engine for game: TrueFPS
[2015.12.02-13.30.23:138][  0]LogPlatformFile: Not using cached read wrapper
[2015.12.02-13.30.23:138][  0]LogInit:Display: RandInit(1414199589) SRandInit(1414199590).
[2015.12.02-13.30.23:138][  0]LogTaskGraph: Started task graph with 4 named threads and 7 total threads.
[2015.12.02-13.30.23:138][  0]LogStats: Stats thread started at 0.066630
[2015.12.02-13.30.23:138][  0]LogInit: Version: 4.10.0-2758231+++depot+UE4-Releases+4.10
[2015.12.02-13.30.23:138][  0]LogInit: API Version: 2758231
[2015.12.02-13.30.23:138][  0]LogInit: Compiled (64-bit): Nov  7 2015 05:13:45
[2015.12.02-13.30.23:138][  0]LogInit: Compiled with Visual C++: 19.00.23026.00
[2015.12.02-13.30.23:138][  0]LogInit: Build Configuration: Development
[2015.12.02-13.30.23:138][  0]LogInit: Branch Name: ++depot+UE4-Releases+4.10
[2015.12.02-13.30.23:138][  0]LogInit: Command line: 
[2015.12.02-13.30.23:138][  0]LogInit: Base directory: D:/Program Files/UE4/Epic Games/4.10/Engine/Binaries/Win64/
[2015.12.02-13.30.23:138][  0]LogInit: Rocket: 1
[2015.12.02-13.30.23:142][  0]LogInit: Using libcurl 7.41.0
[2015.12.02-13.30.23:142][  0]LogInit:  - built for x86_64-pc-win32
[2015.12.02-13.30.23:142][  0]LogInit:  - supports SSL with WinSSL
[2015.12.02-13.30.23:142][  0]LogInit:  - other features:
[2015.12.02-13.30.23:142][  0]LogInit:      CURL_VERSION_SSL
[2015.12.02-13.30.23:142][  0]LogInit:      CURL_VERSION_IPV6
[2015.12.02-13.30.23:142][  0]LogInit:      CURL_VERSION_ASYNCHDNS
[2015.12.02-13.30.23:142][  0]LogInit:      CURL_VERSION_LARGEFILE
[2015.12.02-13.30.23:142][  0]LogInit:      CURL_VERSION_IDN
[2015.12.02-13.30.23:142][  0]LogInit:  CurlRequestOptions (configurable via config and command line):
[2015.12.02-13.30.23:142][  0]LogInit:  - bVerifyPeer = true  - Libcurl will verify peer certificate
[2015.12.02-13.30.23:142][  0]LogInit:  - bUseHttpProxy = false  - Libcurl will NOT use HTTP proxy
[2015.12.02-13.30.23:142][  0]LogInit:  - bDontReuseConnections = false  - Libcurl will reuse connections
[2015.12.02-13.30.23:142][  0]LogInit:  - CertBundlePath = nullptr  - Libcurl will use whatever was configured at build time.
[2015.12.02-13.30.23:148][  0]LogInit: Presizing for 0 objects not considered by GC, pre-allocating 0 bytes.
[2015.12.02-13.30.23:153][  0]LogInit: Object subsystem initialized
[2015.12.02-13.30.23:155][  0]LogInit: Selected Device Profile: [Windows]
[2015.12.02-13.30.23:155][  0]LogInit: Applying CVar settings loaded from the selected device profile: [Windows]
[2015.12.02-13.30.23:161][  0]LogInit: Computer: GHOST
[2015.12.02-13.30.23:161][  0]LogInit: User: Jake
[2015.12.02-13.30.23:161][  0]LogInit: CPU Page size=4096, Cores=4
[2015.12.02-13.30.23:161][  0]LogInit: High frequency timer resolution =3.417964 MHz
[2015.12.02-13.30.23:161][  0]LogMemory: Memory total: Physical=15.9GB (16GB approx)
[2015.12.02-13.30.23:161][  0]LogMemory: Platform Memory Stats for Windows
[2015.12.02-13.30.23:161][  0]LogMemory: Process Physical Memory: 55.74 MB used, 55.74 MB peak
[2015.12.02-13.30.23:161][  0]LogMemory: Process Virtual Memory: 54.80 MB used, 54.80 MB peak
[2015.12.02-13.30.23:161][  0]LogMemory: Physical Memory: 3830.83 MB used, 16244.39 MB total
[2015.12.02-13.30.23:161][  0]LogMemory: Virtual Memory: 379.27 MB used, 134217728.00 MB total
[2015.12.02-13.30.23:187][  0]LogTextLocalizationManager: No specific translations for ('en-US') exist, so ('en') translations will be used.
[2015.12.02-13.30.23:600][  0]LogD3D11RHI: Found D3D11 adapter 0: NVIDIA GeForce GTX 970 (Feature Level 11_0)
[2015.12.02-13.30.23:600][  0]LogD3D11RHI: Adapter has 4008MB of dedicated video memory, 0MB of dedicated system memory, and 8122MB of shared system memory, 1 output[s]
[2015.12.02-13.30.23:604][  0]LogD3D11RHI: Found D3D11 adapter 1: Intel(R) HD Graphics 4600 (Feature Level 11_0)
[2015.12.02-13.30.23:605][  0]LogD3D11RHI: Adapter has 112MB of dedicated video memory, 0MB of dedicated system memory, and 8122MB of shared system memory, 0 output[s]
[2015.12.02-13.30.23:605][  0]LogD3D11RHI: Found D3D11 adapter 2: Microsoft Basic Render Driver (Feature Level 11_0)
[2015.12.02-13.30.23:605][  0]LogD3D11RHI: Adapter has 0MB of dedicated video memory, 0MB of dedicated system memory, and 8122MB of shared system memory, 0 output[s]
[2015.12.02-13.30.23:605][  0]LogD3D11RHI: Chosen D3D11 Adapter Id = 0
[2015.12.02-13.30.23:609][  0]LogD3D11RHI: !Direct3DDevice
[2015.12.02-13.30.23:609][  0]LogRHI: Texture pool is 1361 MB (70% of 1945 MB)
[2015.12.02-13.30.23:619][  0]LogD3D11RHI: Async texture creation enabled
[2015.12.02-13.30.23:988][  0]LogShaderCompilers: Guid format shader working directory is -6 characters bigger than the processId version (../../../../../../../Unreal Engine Projects/TrueFPS/Intermediate/Shaders/WorkingDirectory/1792/).
[2015.12.02-13.30.23:988][  0]LogShaderCompilers: Cleaned the shader compiler working directory 'C:/Users/Jake/AppData/Local/Temp/UnrealShaderWorkingDir/2B7522894650AC369548E59F4526BD49/'.
[2015.12.02-13.30.23:988][  0]LogShaderCompilers:Display: Using Local Shader Compiler.
[2015.12.02-13.30.24:536][  0]LogTemp:Display: Loaded TP AllDesktopTargetPlatform
[2015.12.02-13.30.24:540][  0]LogTemp:Display: Loaded TP WindowsClientTargetPlatform
[2015.12.02-13.30.24:543][  0]LogTemp:Display: Loaded TP WindowsNoEditorTargetPlatform
[2015.12.02-13.30.24:547][  0]LogTemp:Display: Loaded TP WindowsServerTargetPlatform
[2015.12.02-13.30.24:550][  0]LogTemp:Display: Loaded TP WindowsTargetPlatform
[2015.12.02-13.30.24:552][  0]LogTemp:Display: Loaded TP AndroidTargetPlatform
[2015.12.02-13.30.24:554][  0]LogTemp:Display: Loaded TP Android_ASTCTargetPlatform
[2015.12.02-13.30.24:556][  0]LogTemp:Display: Loaded TP Android_ATCTargetPlatform
[2015.12.02-13.30.24:558][  0]LogTemp:Display: Loaded TP Android_DXTTargetPlatform
[2015.12.02-13.30.24:560][  0]LogTemp:Display: Loaded TP Android_ETC1TargetPlatform
[2015.12.02-13.30.24:563][  0]LogTemp:Display: Loaded TP Android_ETC2TargetPlatform
[2015.12.02-13.30.24:567][  0]LogTemp:Display: Loaded TP Android_MultiTargetPlatform
[2015.12.02-13.30.24:567][  0]LogTemp:Display: Loaded TP Android_PVRTCTargetPlatform
[2015.12.02-13.30.24:568][  0]LogTemp:Display: Loaded TP HTML5TargetPlatform
[2015.12.02-13.30.24:583][  0]LogTemp:Display: Loaded TP IOSTargetPlatform
[2015.12.02-13.30.24:585][  0]LogTemp:Display: Loaded TP LinuxNoEditorTargetPlatform
[2015.12.02-13.30.24:587][  0]LogTemp:Display: Loaded TP LinuxServerTargetPlatform
[2015.12.02-13.30.24:589][  0]LogTemp:Display: Loaded TP LinuxTargetPlatform
[2015.12.02-13.30.24:589][  0]LogTargetPlatformManager:Display: Building Assets For Windows
[2015.12.02-13.30.24:648][  0]LogDerivedDataCache:Display: Max Cache Size: 512 MB
[2015.12.02-13.30.24:680][  0]LogDerivedDataCache: Loaded boot cache 0.03s 41MB C:/Users/Jake/AppData/Local/UnrealEngine/4.10/DerivedDataCache/Boot.ddc.
[2015.12.02-13.30.24:680][  0]LogDerivedDataCache:Display: Loaded Boot cache: C:/Users/Jake/AppData/Local/UnrealEngine/4.10/DerivedDataCache/Boot.ddc
[2015.12.02-13.30.24:681][  0]LogDerivedDataCache: FDerivedDataBackendGraph:  Pak pak cache file ../../../../../../../Unreal Engine Projects/TrueFPS/DerivedDataCache/DDC.ddp not found, will not use a pak cache.
[2015.12.02-13.30.24:681][  0]LogDerivedDataCache: Unable to find inner node Pak for hierarchical cache Hierarchy.
[2015.12.02-13.30.24:681][  0]LogDerivedDataCache: FDerivedDataBackendGraph:  CompressedPak pak cache file ../../../../../../../Unreal Engine Projects/TrueFPS/DerivedDataCache/Compressed.ddp not found, will not use a pak cache.
[2015.12.02-13.30.24:681][  0]LogDerivedDataCache: Unable to find inner node CompressedPak for hierarchical cache Hierarchy.
[2015.12.02-13.30.24:724][  0]LogDerivedDataCache:Display: Pak cache opened for reading ../../../Engine/DerivedDataCache/Compressed.ddp.
[2015.12.02-13.30.24:735][  0]LogDerivedDataCache: Using Local data cache path C:/Users/Jake/AppData/Local/UnrealEngine/Common/DerivedDataCache: Writable
[2015.12.02-13.30.24:857][  0]LogInit: Selected Device Profile: [Windows]
[2015.12.02-13.30.24:859][  0]LogContentStreaming: Texture pool size is 0.000000MB
[2015.12.02-13.30.24:952][  0]LogMeshUtilities: No automatic mesh reduction module available
[2015.12.02-13.30.24:952][  0]LogMeshUtilities: No automatic mesh merging module available
[2015.12.02-13.30.25:117][  0]LogInit: WinSock: version 1.1 (2.2), MaxSocks=32767, MaxUdp=65467
[2015.12.02-13.30.25:680][  0]UdpMessaging: Initializing bridge on interface 0.0.0.0:0 to multicast group 230.0.0.1:6666.
[2015.12.02-13.30.25:766][  0]LogAssetRegistry: FAssetRegistry took 0.0114 seconds to start up
[2015.12.02-13.30.25:887][  0]SourceControl: Info Source control is disabled
[2015.12.02-13.30.25:887][  0]SourceControl: Info Source control is disabled
[2015.12.02-13.30.25:894][  0]SourceControl: Info Source control is disabled
[2015.12.02-13.30.25:902][  0]SourceControl: Info Source control is disabled
[2015.12.02-13.30.26:066][  0]LogObj: 28633 objects as part of root set at end of initial load.
[2015.12.02-13.30.26:066][  0]LogUObjectAllocator: 6099744 out of 0 bytes used by permanent object pool.
[2015.12.02-13.30.26:109][  0]LogEngine: Initializing Engine...
[2015.12.02-13.30.26:111][  0]LogHMD: Can't find Oculus library dev build: is proper Runtime installed? Version: 0.8.0.0
[2015.12.02-13.30.26:111][  0]LogHMD: SteamVR failed to initialize.  Err: 110
[2015.12.02-13.30.26:190][  0]LogAIModule: Creating AISystem for world NewWorld
[2015.12.02-13.30.26:197][  0]LogInit: XAudio2 using 'PHILIPS (NVIDIA High Definition Audio)' : 2 channels at 48 kHz using 32 bits per sample (channel mask 0x3)
[2015.12.02-13.30.26:203][  0]LogInit: FAudioDevice initialized.
[2015.12.02-13.30.26:221][  0]LogDerivedDataCache: Saved boot cache 0.02s 41MB C:/Users/Jake/AppData/Local/UnrealEngine/4.10/DerivedDataCache/Boot.ddc.
[2015.12.02-13.30.26:224][  0]LogInit: Texture streaming: Enabled
[2015.12.02-13.30.26:228][  0]LogAnalytics: Creating configured Analytics provider AnalyticsET
[2015.12.02-13.30.26:228][  0]LogAnalytics: [UEEditor.Rocket.Release] APIServer = http://et2.epicgames.com/ET2/. AppVersion = 4.10.0-2758231+++depot+UE4-Releases+4.10
[2015.12.02-13.30.26:228][  0]LogAnalytics: [UEEditor.Rocket.Release] SetUserId 83ec4e23438fee05de68779410ba8dd8|430921b4d3244ab39ea8c4a3caf31e47|15d5efe6-d4b4-4642-a5e3-54b8dca2a620
[2015.12.02-13.30.26:228][  0]LogAnalytics: [UEEditor.Rocket.Release] AnalyticsET::StartSession
[2015.12.02-13.30.26:251][  0]LogInit: Transaction tracking system initialized
[2015.12.02-13.30.26:271][  0]BlueprintLog: New page: Editor Load
[2015.12.02-13.30.26:544][  0]LocalizationService: Info Localization service is disabled
[2015.12.02-13.30.26:644][  0]LogConsoleResponse:Display: 
[2015.12.02-13.30.26:733][  0]LogFileCache: Scanning file cache for directory 'D:/Unreal Engine Projects/TrueFPS/Content/' took 0.01s
[2015.12.02-13.30.26:733][  0]LogCook:Display: Done creating registry. It took  0.00s.
[2015.12.02-13.30.26:776][  0]SourceControl: Info Source control is disabled
[2015.12.02-13.30.26:776][  0]Cmd: MAP LOAD FILE="../../../../../../../Unreal Engine Projects/TrueFPS/Content/ThirdPersonBP/Maps/ThirdPersonExampleMap.umap" TEMPLATE=0 SHOWPROGRESS=1 FEATURELEVEL=3
[2015.12.02-13.30.26:777][  0]LightingResults: New page: Lighting Build
[2015.12.02-13.30.26:779][  0]MapCheck: New page: Map Check
[2015.12.02-13.30.26:779][  0]LightingResults: New page: Lighting Build
[2015.12.02-13.30.26:786][  0]LogParticles: Destroying 0 GPU particle simulations for FXSystem 0x0000008DA823E160
[2015.12.02-13.30.27:529][  0]LogAIModule: Creating AISystem for world ThirdPersonExampleMap
[2015.12.02-13.30.27:786][  0]LogEditorServer: Finished looking for orphan Actors (0.000 secs)
[2015.12.02-13.30.27:799][  0]Cmd: MAP CHECKDEP NOCLEARLOG
[2015.12.02-13.30.27:830][  0]MapCheck: Info Map check complete: 0 Error(s), 0 Warning(s), took 30.385ms to complete.
[2015.12.02-13.30.27:830][  0]LogFileHelpers: Loading map 'ThirdPersonExampleMap' took 1.054
[2015.12.02-13.30.28:505][  0]LogCollectionManager: Loaded 0 collections in 0.001504 seconds
[2015.12.02-13.30.28:654][  0]LogFileCache: Scanning file cache for directory 'D:/Unreal Engine Projects/TrueFPS/Saved/Collections/' took 0.01s
[2015.12.02-13.30.28:654][  0]LogFileCache: Scanning file cache for directory 'D:/Unreal Engine Projects/TrueFPS/Content/Developers/Jake/Collections/' took 0.01s
[2015.12.02-13.30.28:654][  0]LogFileCache: Scanning file cache for directory 'D:/Unreal Engine Projects/TrueFPS/Content/Collections/' took 0.01s
[2015.12.02-13.30.28:654][  0]LogCollectionManager: Rebuilt the GUID cache for 0 collections in 0.000001 seconds
[2015.12.02-13.30.28:684][  0]LogContentBrowser: Native class hierarchy populated in 0.0070 seconds. Added 1893 classes and 338 folders.
[2015.12.02-13.30.28:756][  0]LogContentBrowser: Native class hierarchy updated for 'WidgetCarousel' in 0.0003 seconds. Added 0 classes and 0 folders.
[2015.12.02-13.30.28:795][  0]LogContentBrowser: Native class hierarchy updated for 'AddContentDialog' in 0.0002 seconds. Added 0 classes and 0 folders.
[2015.12.02-13.30.28:949][  0]LogContentBrowser: Native class hierarchy updated for 'SceneOutliner' in 0.0003 seconds. Added 1 classes and 2 folders.
[2015.12.02-13.30.29:982][  0]LogCrashTracker: Crashtracker disabled due to settings.
[2015.12.02-13.30.30:160][  0]LogLoad: Full Startup: 7.33 seconds (BP compile: 0.14 seconds)
[2015.12.02-13.30.30:171][  0]LogOcInput: Can't find Oculus library dev build: is proper Runtime installed? Version: 0.8.0.0
[2015.12.02-13.30.30:546][  0]LogContentStreaming: Texture pool size now 1000 MB
[2015.12.02-13.30.31:033][  0]LogRenderer: Reallocating scene render targets to support 1208x572 (Frame:2).
[2015.12.02-13.30.31:280][  4]LogAssetRegistry: Asset discovery search completed in 5.5263 seconds
[2015.12.02-13.30.31:280][  4]LogCollectionManager: Rebuilt the object cache for 0 collections in 0.000001 seconds (found 0 objects)
[2015.12.02-13.30.31:280][  4]LogCollectionManager: Fixed up redirectors for 0 collections in 0.000015 seconds (updated 0 objects)
[2015.12.02-13.31.35:334][332]LogLinker:Warning: Asset '../../../Engine/Content/ArtTools/RenderToTexture/Macros/RenderToTextureMacros.uasset' has been saved with empty engine version. The asset will be loaded but may be incompatible.
[2015.12.02-13.31.35:922][332]LogContentBrowser: Native class hierarchy updated for 'BlueprintGraph' in 0.0005 seconds. Added 107 classes and 0 folders.
[2015.12.02-13.31.57:973][ 46]LogRenderer: Reallocating scene render targets to support 1208x900 (Frame:5991).
[2015.12.02-13.32.40:736][881]LogActorComponent: UnregisterComponent: (/Engine/Transient.CharMoveComp) Not registered. Aborting.
[2015.12.02-13.32.50:674][ 51]LogActorComponent: UnregisterComponent: (/Engine/Transient.CharacterMovementComponent_0) Not registered. Aborting.
[2015.12.02-13.32.51:387][133]LogActorComponent: UnregisterComponent: (/Engine/Transient.CharacterMovementComponent_1) Not registered. Aborting.
[2015.12.02-13.35.11:091][472]LogActorComponent: UnregisterComponent: (/Engine/Transient.CharacterMovementComponent_2) Not registered. Aborting.
[2015.12.02-13.35.59:015][642]LogEditorViewport: Clicking on Actor (LMB): ThirdPersonCharacter_C (ThirdPersonCharacter)
[2015.12.02-13.36.38:343][187]LogActorComponent: UnregisterComponent: (/Engine/Transient.CharacterMovementComponent_3) Not registered. Aborting.
[2015.12.02-13.41.30:557][379]LogActorComponent: UnregisterComponent: (/Engine/Transient.CharacterMovementComponent_4) Not registered. Aborting.
[2015.12.02-13.42.14:007][691]LogActorComponent: UnregisterComponent: (/Engine/Transient.CharacterMovementComponent_5) Not registered. Aborting.
[2015.12.02-13.42.14:799][691]LogSavePackage: Save=336.418121ms
[2015.12.02-13.42.14:799][691]LogSavePackage: Moving '../../../../../../../Unreal Engine Projects/TrueFPS/Saved/ThirdPersonExampleMap_Auto17FC474F34C28A7BDF11002891B7CF74B.tmp' to '../../../../../../../Unreal Engine Projects/TrueFPS/Saved/Autosaves/Game/ThirdPersonBP/Maps/ThirdPersonExampleMap_Auto1.umap'
[2015.12.02-13.42.14:800][691]LogSavePackage: Total save time: 376.177162ms
[2015.12.02-13.42.14:800][691]LogSavePackage:Display: Finished SavePackage ../../../../../../../Unreal Engine Projects/TrueFPS/Saved/Autosaves/Game/ThirdPersonBP/Maps/ThirdPersonExampleMap_Auto1.umap
[2015.12.02-13.42.14:802][691]LogFileHelpers: Editor autosave (incl. sublevels) for '/Game/ThirdPersonBP/Maps/ThirdPersonExampleMap' took 0.795
[2015.12.02-13.42.14:802][691]LogFileHelpers: Editor autosave (incl. sublevels) for all levels took 0.795
[2015.12.02-13.42.14:806][691]OBJ SavePackage: Generating thumbnails for [1] asset(s) in package [/Game/ThirdPersonBP/Blueprints/ThirdPersonCharacter] ([1] browsable assets)...
[2015.12.02-13.42.14:827][691]OBJ SavePackage:     Rendered thumbnail for [Blueprint /Game/ThirdPersonBP/Blueprints/ThirdPersonCharacter.ThirdPersonCharacter]
[2015.12.02-13.42.14:827][691]OBJ SavePackage: Finished generating thumbnails for package [/Game/ThirdPersonBP/Blueprints/ThirdPersonCharacter]
[2015.12.02-13.42.14:895][691]LogSavePackage: Save=62.775089ms
[2015.12.02-13.42.14:895][691]LogSavePackage: Moving '../../../../../../../Unreal Engine Projects/TrueFPS/Saved/ThirdPersonCharacter_Auto167917E78448D95A771D433912A13D539.tmp' to '../../../../../../../Unreal Engine Projects/TrueFPS/Saved/Autosaves/Game/ThirdPersonBP/Blueprints/ThirdPersonCharacter_Auto1.uasset'
[2015.12.02-13.42.14:895][691]LogSavePackage: Total save time: 67.768123ms
[2015.12.02-13.42.14:895][691]LogSavePackage:Display: Finished SavePackage ../../../../../../../Unreal Engine Projects/TrueFPS/Saved/Autosaves/Game/ThirdPersonBP/Blueprints/ThirdPersonCharacter_Auto1.uasset
[2015.12.02-13.42.14:895][691]LogFileHelpers: Auto-saving content packages took 0.092
[2015.12.02-13.42.34:748][912]LogActorComponent: UnregisterComponent: (/Engine/Transient.CharMoveComp) Not registered. Aborting.
[2015.12.02-13.42.36:256][ 82]LogBlueprintUserMessages: Early PlayInEditor Detection: Level '/Game/ThirdPersonBP/Maps/ThirdPersonExampleMap.ThirdPersonExampleMap:PersistentLevel' has LevelScriptBlueprint '/Game/ThirdPersonBP/Maps/ThirdPersonExampleMap.ThirdPersonExampleMap:PersistentLevel.ThirdPersonExampleMap' with GeneratedClass '/Game/ThirdPersonBP/Maps/ThirdPersonExampleMap.ThirdPersonExampleMap_C' with ClassGeneratedBy '/Game/ThirdPersonBP/Maps/ThirdPersonExampleMap.ThirdPersonExampleMap:PersistentLevel.ThirdPersonExampleMap'
[2015.12.02-13.42.36:256][ 82]BlueprintLog: New page: Pre-Play auto-recompile
[2015.12.02-13.42.36:259][ 82]LogActorComponent: UnregisterComponent: (/Engine/Transient.CharacterMovementComponent_6) Not registered. Aborting.
[2015.12.02-13.42.36:261][ 82]LogPlayLevel: [PlayLevel] Compiling ThirdPersonCharacter before play...
[2015.12.02-13.42.36:399][ 82]LogPlayLevel: PlayLevel: Blueprint regeneration took 142 ms (1 blueprints)
[2015.12.02-13.42.36:436][ 82]PIE: New page: PIE session: ThirdPersonExampleMap (Dec 2, 2015, 1:42:36 AM)
[2015.12.02-13.42.36:449][ 82]LogPlayLevel: Creating play world package: /Game/ThirdPersonBP/Maps/UEDPIE_0_ThirdPersonExampleMap
[2015.12.02-13.42.36:464][ 82]LogPlayLevel: PIE: StaticDuplicateObject took: (0.014782s)
[2015.12.02-13.42.36:465][ 82]LogAIModule: Creating AISystem for world ThirdPersonExampleMap
[2015.12.02-13.42.36:465][ 82]LogPlayLevel: PIE: World Init took: (0.000668s)
[2015.12.02-13.42.36:465][ 82]LogPlayLevel: PIE: Created PIE world by copying editor world from /Game/ThirdPersonBP/Maps/ThirdPersonExampleMap.ThirdPersonExampleMap to /Game/ThirdPersonBP/Maps/UEDPIE_0_ThirdPersonExampleMap.ThirdPersonExampleMap (0.029419s)
[2015.12.02-13.42.36:517][ 82]LogInit: XAudio2 using 'PHILIPS (NVIDIA High Definition Audio)' : 2 channels at 48 kHz using 32 bits per sample (channel mask 0x3)
[2015.12.02-13.42.36:521][ 82]LogInit: FAudioDevice initialized.
[2015.12.02-13.42.36:604][ 82]LogWorld: Game class is 'ThirdPersonGameMode_C'
[2015.12.02-13.42.36:629][ 82]LogWorld: Bringing World /Game/ThirdPersonBP/Maps/UEDPIE_0_ThirdPersonExampleMap.ThirdPersonExampleMap up for play (max tick rate 0) at 2015.12.02-07.42.36
[2015.12.02-13.42.36:629][ 82]LogActor:Warning: GameSession /Game/ThirdPersonBP/Maps/UEDPIE_0_ThirdPersonExampleMap.ThirdPersonExampleMap:PersistentLevel.GameSession_0 has natively added scene component(s), but none of them were set as the actor's RootComponent - picking one arbitrarily
[2015.12.02-13.42.36:629][ 82]LogActor:Warning: GameNetworkManager /Game/ThirdPersonBP/Maps/UEDPIE_0_ThirdPersonExampleMap.ThirdPersonExampleMap:PersistentLevel.GameNetworkManager_0 has natively added scene component(s), but none of them were set as the actor's RootComponent - picking one arbitrarily
[2015.12.02-13.42.36:630][ 82]LogWorld: Bringing up level for play took: 0.003771
[2015.12.02-13.42.36:692][ 82]PIE: Info Play in editor start time for /Game/ThirdPersonBP/Maps/UEDPIE_0_ThirdPersonExampleMap -0.408
[2015.12.02-13.42.36:692][ 82]LogBlueprintUserMessages: Late PlayInEditor Detection: Level '/Game/ThirdPersonBP/Maps/ThirdPersonExampleMap.ThirdPersonExampleMap:PersistentLevel' has LevelScriptBlueprint '/Game/ThirdPersonBP/Maps/ThirdPersonExampleMap.ThirdPersonExampleMap:PersistentLevel.ThirdPersonExampleMap' with GeneratedClass '/Game/ThirdPersonBP/Maps/ThirdPersonExampleMap.ThirdPersonExampleMap_C' with ClassGeneratedBy '/Game/ThirdPersonBP/Maps/ThirdPersonExampleMap.ThirdPersonExampleMap:PersistentLevel.ThirdPersonExampleMap'
[2015.12.02-13.43.29:316][705]LogBlueprintUserMessages: Early EndPlayMap Detection: Level '/Game/ThirdPersonBP/Maps/ThirdPersonExampleMap.ThirdPersonExampleMap:PersistentLevel' has LevelScriptBlueprint '/Game/ThirdPersonBP/Maps/ThirdPersonExampleMap.ThirdPersonExampleMap:PersistentLevel.ThirdPersonExampleMap' with GeneratedClass '/Game/ThirdPersonBP/Maps/ThirdPersonExampleMap.ThirdPersonExampleMap_C' with ClassGeneratedBy '/Game/ThirdPersonBP/Maps/ThirdPersonExampleMap.ThirdPersonExampleMap:PersistentLevel.ThirdPersonExampleMap'
[2015.12.02-13.43.29:709][705]LogBlueprintUserMessages: Late EndPlayMap Detection: Level '/Game/ThirdPersonBP/Maps/ThirdPersonExampleMap.ThirdPersonExampleMap:PersistentLevel' has LevelScriptBlueprint '/Game/ThirdPersonBP/Maps/ThirdPersonExampleMap.ThirdPersonExampleMap:PersistentLevel.ThirdPersonExampleMap' with GeneratedClass '/Game/ThirdPersonBP/Maps/ThirdPersonExampleMap.ThirdPersonExampleMap_C' with ClassGeneratedBy '/Game/ThirdPersonBP/Maps/ThirdPersonExampleMap.ThirdPersonExampleMap:PersistentLevel.ThirdPersonExampleMap'
[2015.12.02-13.43.29:709][705]LogActorComponent: UnregisterComponent: (/Engine/Transient.CharMoveComp) Not registered. Aborting.
[2015.12.02-13.43.29:740][705]LogParticles: Destroying 0 GPU particle simulations for FXSystem 0x0000008E08929620
[2015.12.02-13.43.30:860][830]LogBlueprintUserMessages: Early PlayInEditor Detection: Level '/Game/ThirdPersonBP/Maps/ThirdPersonExampleMap.ThirdPersonExampleMap:PersistentLevel' has LevelScriptBlueprint '/Game/ThirdPersonBP/Maps/ThirdPersonExampleMap.ThirdPersonExampleMap:PersistentLevel.ThirdPersonExampleMap' with GeneratedClass '/Game/ThirdPersonBP/Maps/ThirdPersonExampleMap.ThirdPersonExampleMap_C' with ClassGeneratedBy '/Game/ThirdPersonBP/Maps/ThirdPersonExampleMap.ThirdPersonExampleMap:PersistentLevel.ThirdPersonExampleMap'
[2015.12.02-13.43.30:860][830]BlueprintLog: New page: Pre-Play auto-recompile
[2015.12.02-13.43.30:864][830]LogPlayLevel: [PlayLevel] Compiling ThirdPersonCharacter before play...
[2015.12.02-13.43.30:930][830]LogPlayLevel: PlayLevel: Blueprint regeneration took 70 ms (1 blueprints)
[2015.12.02-13.43.30:950][830]PIE: New page: PIE session: ThirdPersonExampleMap (Dec 2, 2015, 1:43:30 AM)
[2015.12.02-13.43.30:950][830]LogPlayLevel: Creating play world package: /Game/ThirdPersonBP/Maps/UEDPIE_0_ThirdPersonExampleMap
[2015.12.02-13.43.30:966][830]LogPlayLevel: PIE: StaticDuplicateObject took: (0.015668s)
[2015.12.02-13.43.30:966][830]LogAIModule: Creating AISystem for world ThirdPersonExampleMap
[2015.12.02-13.43.30:966][830]LogPlayLevel: PIE: World Init took: (0.000617s)
[2015.12.02-13.43.30:967][830]LogPlayLevel: PIE: Created PIE world by copying editor world from /Game/ThirdPersonBP/Maps/ThirdPersonExampleMap.ThirdPersonExampleMap to /Game/ThirdPersonBP/Maps/UEDPIE_0_ThirdPersonExampleMap.ThirdPersonExampleMap (0.016483s)
[2015.12.02-13.43.31:013][830]LogInit: XAudio2 using 'PHILIPS (NVIDIA High Definition Audio)' : 2 channels at 48 kHz using 32 bits per sample (channel mask 0x3)
[2015.12.02-13.43.31:016][830]LogInit: FAudioDevice initialized.
[2015.12.02-13.43.31:047][830]LogWorld: Game class is 'ThirdPersonGameMode_C'
[2015.12.02-13.43.31:050][830]LogWorld: Bringing World /Game/ThirdPersonBP/Maps/UEDPIE_0_ThirdPersonExampleMap.ThirdPersonExampleMap up for play (max tick rate 0) at 2015.12.02-07.43.31
[2015.12.02-13.43.31:050][830]LogActor:Warning: GameSession /Game/ThirdPersonBP/Maps/UEDPIE_0_ThirdPersonExampleMap.ThirdPersonExampleMap:PersistentLevel.GameSession_1 has natively added scene component(s), but none of them were set as the actor's RootComponent - picking one arbitrarily
[2015.12.02-13.43.31:050][830]LogActor:Warning: GameNetworkManager /Game/ThirdPersonBP/Maps/UEDPIE_0_ThirdPersonExampleMap.ThirdPersonExampleMap:PersistentLevel.GameNetworkManager_1 has natively added scene component(s), but none of them were set as the actor's RootComponent - picking one arbitrarily
[2015.12.02-13.43.31:050][830]LogWorld: Bringing up level for play took: 0.002602
[2015.12.02-13.43.31:051][830]PIE: Info Play in editor start time for /Game/ThirdPersonBP/Maps/UEDPIE_0_ThirdPersonExampleMap -0.049
[2015.12.02-13.43.31:051][830]LogBlueprintUserMessages: Late PlayInEditor Detection: Level '/Game/ThirdPersonBP/Maps/ThirdPersonExampleMap.ThirdPersonExampleMap:PersistentLevel' has LevelScriptBlueprint '/Game/ThirdPersonBP/Maps/ThirdPersonExampleMap.ThirdPersonExampleMap:PersistentLevel.ThirdPersonExampleMap' with GeneratedClass '/Game/ThirdPersonBP/Maps/ThirdPersonExampleMap.ThirdPersonExampleMap_C' with ClassGeneratedBy '/Game/ThirdPersonBP/Maps/ThirdPersonExampleMap.ThirdPersonExampleMap:PersistentLevel.ThirdPersonExampleMap'
[2015.12.02-13.44.27:647][204]LogBlueprintUserMessages: Early EndPlayMap Detection: Level '/Game/ThirdPersonBP/Maps/ThirdPersonExampleMap.ThirdPersonExampleMap:PersistentLevel' has LevelScriptBlueprint '/Game/ThirdPersonBP/Maps/ThirdPersonExampleMap.ThirdPersonExampleMap:PersistentLevel.ThirdPersonExampleMap' with GeneratedClass '/Game/ThirdPersonBP/Maps/ThirdPersonExampleMap.ThirdPersonExampleMap_C' with ClassGeneratedBy '/Game/ThirdPersonBP/Maps/ThirdPersonExampleMap.ThirdPersonExampleMap:PersistentLevel.ThirdPersonExampleMap'
[2015.12.02-13.44.27:702][204]LogBlueprintUserMessages: Late EndPlayMap Detection: Level '/Game/ThirdPersonBP/Maps/ThirdPersonExampleMap.ThirdPersonExampleMap:PersistentLevel' has LevelScriptBlueprint '/Game/ThirdPersonBP/Maps/ThirdPersonExampleMap.ThirdPersonExampleMap:PersistentLevel.ThirdPersonExampleMap' with GeneratedClass '/Game/ThirdPersonBP/Maps/ThirdPersonExampleMap.ThirdPersonExampleMap_C' with ClassGeneratedBy '/Game/ThirdPersonBP/Maps/ThirdPersonExampleMap.ThirdPersonExampleMap:PersistentLevel.ThirdPersonExampleMap'
[2015.12.02-13.44.27:703][204]LogActorComponent: UnregisterComponent: (/Engine/Transient.CharMoveComp) Not registered. Aborting.
[2015.12.02-13.44.27:736][204]LogParticles: Destroying 0 GPU particle simulations for FXSystem 0x0000008D8C3FA0C0
[2015.12.02-13.44.51:143][869]LogActorComponent: UnregisterComponent: (/Engine/Transient.CharMoveComp) Not registered. Aborting.
[2015.12.02-13.45.05:828][550]LogActorComponent: UnregisterComponent: (/Engine/Transient.CharacterMovementComponent_7) Not registered. Aborting.
[2015.12.02-13.45.11:159][162]LogActorComponent: UnregisterComponent: (/Engine/Transient.CharacterMovementComponent_8) Not registered. Aborting.
[2015.12.02-13.45.18:293][981]LogActorComponent: UnregisterComponent: (/Engine/Transient.CharacterMovementComponent_9) Not registered. Aborting.
[2015.12.02-13.45.22:248][438]LogActorComponent: UnregisterComponent: (/Engine/Transient.CharacterMovementComponent_10) Not registered. Aborting.
[2015.12.02-13.45.41:367][533]LogActorComponent: UnregisterComponent: (/Engine/Transient.CharacterMovementComponent_11) Not registered. Aborting.
[2015.12.02-13.45.55:363][107]LogActorComponent: UnregisterComponent: (/Engine/Transient.CharacterMovementComponent_12) Not registered. Aborting.
[2015.12.02-13.46.00:450][694]LogActorComponent: UnregisterComponent: (/Engine/Transient.CharacterMovementComponent_13) Not registered. Aborting.
[2015.12.02-13.46.04:834][201]LogActorComponent: UnregisterComponent: (/Engine/Transient.CharacterMovementComponent_14) Not registered. Aborting.
[2015.12.02-13.46.07:665][527]LogActorComponent: UnregisterComponent: (/Engine/Transient.CharacterMovementComponent_15) Not registered. Aborting.
[2015.12.02-13.46.17:871][561]LogBlueprintUserMessages: Early PlayInEditor Detection: Level '/Game/ThirdPersonBP/Maps/ThirdPersonExampleMap.ThirdPersonExampleMap:PersistentLevel' has LevelScriptBlueprint '/Game/ThirdPersonBP/Maps/ThirdPersonExampleMap.ThirdPersonExampleMap:PersistentLevel.ThirdPersonExampleMap' with GeneratedClass '/Game/ThirdPersonBP/Maps/ThirdPersonExampleMap.ThirdPersonExampleMap_C' with ClassGeneratedBy '/Game/ThirdPersonBP/Maps/ThirdPersonExampleMap.ThirdPersonExampleMap:PersistentLevel.ThirdPersonExampleMap'
[2015.12.02-13.46.17:871][561]BlueprintLog: New page: Pre-Play auto-recompile
[2015.12.02-13.46.17:873][561]LogActorComponent: UnregisterComponent: (/Engine/Transient.CharacterMovementComponent_16) Not registered. Aborting.
[2015.12.02-13.46.17:875][561]LogPlayLevel: [PlayLevel] Compiling ThirdPersonCharacter before play...
[2015.12.02-13.46.17:943][561]LogPlayLevel: PlayLevel: Blueprint regeneration took 72 ms (1 blueprints)
[2015.12.02-13.46.17:963][561]PIE: New page: PIE session: ThirdPersonExampleMap (Dec 2, 2015, 1:46:17 AM)
[2015.12.02-13.46.17:963][561]LogPlayLevel: Creating play world package: /Game/ThirdPersonBP/Maps/UEDPIE_0_ThirdPersonExampleMap
[2015.12.02-13.46.17:980][561]LogPlayLevel: PIE: StaticDuplicateObject took: (0.016511s)
[2015.12.02-13.46.17:980][561]LogAIModule: Creating AISystem for world ThirdPersonExampleMap
[2015.12.02-13.46.17:981][561]LogPlayLevel: PIE: World Init took: (0.000734s)
[2015.12.02-13.46.17:981][561]LogPlayLevel: PIE: Created PIE world by copying editor world from /Game/ThirdPersonBP/Maps/ThirdPersonExampleMap.ThirdPersonExampleMap to /Game/ThirdPersonBP/Maps/UEDPIE_0_ThirdPersonExampleMap.ThirdPersonExampleMap (0.017426s)
[2015.12.02-13.46.18:031][561]LogInit: XAudio2 using 'PHILIPS (NVIDIA High Definition Audio)' : 2 channels at 48 kHz using 32 bits per sample (channel mask 0x3)
[2015.12.02-13.46.18:033][561]LogInit: FAudioDevice initialized.
[2015.12.02-13.46.18:063][561]LogWorld: Game class is 'ThirdPersonGameMode_C'
[2015.12.02-13.46.18:066][561]LogWorld: Bringing World /Game/ThirdPersonBP/Maps/UEDPIE_0_ThirdPersonExampleMap.ThirdPersonExampleMap up for play (max tick rate 0) at 2015.12.02-07.46.18
[2015.12.02-13.46.18:066][561]LogActor:Warning: GameSession /Game/ThirdPersonBP/Maps/UEDPIE_0_ThirdPersonExampleMap.ThirdPersonExampleMap:PersistentLevel.GameSession_2 has natively added scene component(s), but none of them were set as the actor's RootComponent - picking one arbitrarily
[2015.12.02-13.46.18:066][561]LogActor:Warning: GameNetworkManager /Game/ThirdPersonBP/Maps/UEDPIE_0_ThirdPersonExampleMap.ThirdPersonExampleMap:PersistentLevel.GameNetworkManager_2 has natively added scene component(s), but none of them were set as the actor's RootComponent - picking one arbitrarily
[2015.12.02-13.46.18:066][561]LogWorld: Bringing up level for play took: 0.002763
[2015.12.02-13.46.18:067][561]PIE: Info Play in editor start time for /Game/ThirdPersonBP/Maps/UEDPIE_0_ThirdPersonExampleMap 0.967
[2015.12.02-13.46.18:067][561]LogBlueprintUserMessages: Late PlayInEditor Detection: Level '/Game/ThirdPersonBP/Maps/ThirdPersonExampleMap.ThirdPersonExampleMap:PersistentLevel' has LevelScriptBlueprint '/Game/ThirdPersonBP/Maps/ThirdPersonExampleMap.ThirdPersonExampleMap:PersistentLevel.ThirdPersonExampleMap' with GeneratedClass '/Game/ThirdPersonBP/Maps/ThirdPersonExampleMap.ThirdPersonExampleMap_C' with ClassGeneratedBy '/Game/ThirdPersonBP/Maps/ThirdPersonExampleMap.ThirdPersonExampleMap:PersistentLevel.ThirdPersonExampleMap'
[2015.12.02-13.46.48:499][  3]LogBlueprintUserMessages: Early EndPlayMap Detection: Level '/Game/ThirdPersonBP/Maps/ThirdPersonExampleMap.ThirdPersonExampleMap:PersistentLevel' has LevelScriptBlueprint '/Game/ThirdPersonBP/Maps/ThirdPersonExampleMap.ThirdPersonExampleMap:PersistentLevel.ThirdPersonExampleMap' with GeneratedClass '/Game/ThirdPersonBP/Maps/ThirdPersonExampleMap.ThirdPersonExampleMap_C' with ClassGeneratedBy '/Game/ThirdPersonBP/Maps/ThirdPersonExampleMap.ThirdPersonExampleMap:PersistentLevel.ThirdPersonExampleMap'
[2015.12.02-13.46.48:553][  3]LogBlueprintUserMessages: Late EndPlayMap Detection: Level '/Game/ThirdPersonBP/Maps/ThirdPersonExampleMap.ThirdPersonExampleMap:PersistentLevel' has LevelScriptBlueprint '/Game/ThirdPersonBP/Maps/ThirdPersonExampleMap.ThirdPersonExampleMap:PersistentLevel.ThirdPersonExampleMap' with GeneratedClass '/Game/ThirdPersonBP/Maps/ThirdPersonExampleMap.ThirdPersonExampleMap_C' with ClassGeneratedBy '/Game/ThirdPersonBP/Maps/ThirdPersonExampleMap.ThirdPersonExampleMap:PersistentLevel.ThirdPersonExampleMap'
[2015.12.02-13.46.48:553][  3]LogActorComponent: UnregisterComponent: (/Engine/Transient.CharMoveComp) Not registered. Aborting.
[2015.12.02-13.46.48:586][  3]LogParticles: Destroying 0 GPU particle simulations for FXSystem 0x0000008E01841B20
[2015.12.02-13.48.10:574][936]LogUProjectInfo: Found projects:
[2015.12.02-13.48.12:026][ 74]Cmd: CLOSE_SLATE_MAINFRAME
[2015.12.02-13.48.12:026][ 74]LogActorComponent: UnregisterComponent: (/Engine/Transient.CharMoveComp) Not registered. Aborting.
[2015.12.02-13.48.15:712][ 74]LogWindowsTextInputMethodSystem:Display: IME system now deactivated.
[2015.12.02-13.48.15:917][ 75]Cmd: QUIT_EDITOR
[2015.12.02-13.48.16:477][ 75]LogExit: Preparing to exit.
[2015.12.02-13.48.17:071][ 75]LogExit: Editor shut down
[2015.12.02-13.48.17:071][ 75]LogExit: Transaction tracking system shut down
[2015.12.02-13.48.17:072][ 75]LogParticles: Destroying 0 GPU particle simulations for FXSystem 0x0000008D989F4900
[2015.12.02-13.48.17:072][ 75]LogParticles: Destroying 0 GPU particle simulations for FXSystem 0x0000008DB7EDF880
[2015.12.02-13.48.17:073][ 75]LogParticles: Destroying 0 GPU particle simulations for FXSystem 0x0000008DB7E7FC40
[2015.12.02-13.48.17:073][ 75]LogParticles: Destroying 0 GPU particle simulations for FXSystem 0x0000008DB7E7EB60
[2015.12.02-13.48.17:076][ 75]LogParticles: Destroying 0 GPU particle simulations for FXSystem 0x0000008DE37779C0
[2015.12.02-13.48.17:076][ 75]LogParticles: Destroying 0 GPU particle simulations for FXSystem 0x0000008DE3775A80
[2015.12.02-13.48.17:077][ 75]LogParticles: Destroying 0 GPU particle simulations for FXSystem 0x0000008DDE4C3A60
[2015.12.02-13.48.17:223][ 75]LogExit: Object subsystem successfully closed.
[2015.12.02-13.48.17:236][ 75]LogD3D11RHI: Shutdown
[2015.12.02-13.48.17:236][ 75]LogD3D11RHI: CleanupD3DDevice
[2015.12.02-13.48.17:288][ 75]LogD3D11RHI: ~FD3D11DynamicRHI
[2015.12.02-13.48.17:298][ 75]LogModuleManager: Shutting down and abandoning module CookingStats (200)
[2015.12.02-13.48.17:298][ 75]LogModuleManager: Shutting down and abandoning module BlueprintGraph (199)
[2015.12.02-13.48.17:298][ 75]LogModuleManager: Shutting down and abandoning module CrashTracker (198)
[2015.12.02-13.48.17:298][ 75]LogModuleManager: Shutting down and abandoning module SceneOutliner (197)
[2015.12.02-13.48.17:298][ 75]LogModuleManager: Shutting down and abandoning module SuperSearch (196)
[2015.12.02-13.48.17:298][ 75]LogModuleManager: Shutting down and abandoning module WidgetCarousel (195)
[2015.12.02-13.48.17:298][ 75]LogModuleManager: Shutting down and abandoning module AddContentDialog (194)
[2015.12.02-13.48.17:299][ 75]LogModuleManager: Shutting down and abandoning module EditorWidgets (193)
[2015.12.02-13.48.17:299][ 75]LogModuleManager: Shutting down and abandoning module CollectionManager (192)
[2015.12.02-13.48.17:299][ 75]LogModuleManager: Shutting down and abandoning module StatsViewer (191)
[2015.12.02-13.48.17:299][ 75]LogModuleManager: Shutting down and abandoning module FoliageEdit (190)
[2015.12.02-13.48.17:299][ 75]LogModuleManager: Shutting down and abandoning module LandscapeEditor (189)
[2015.12.02-13.48.17:299][ 75]LogModuleManager: Shutting down and abandoning module ActorPickerMode (188)
[2015.12.02-13.48.17:299][ 75]LogModuleManager: Shutting down and abandoning module GeometryMode (187)
[2015.12.02-13.48.17:299][ 75]LogModuleManager: Shutting down and abandoning module TextureAlignMode (186)
[2015.12.02-13.48.17:299][ 75]LogModuleManager: Shutting down and abandoning module BspMode (185)
[2015.12.02-13.48.17:299][ 75]LogModuleManager: Shutting down and abandoning module PlacementMode (184)
[2015.12.02-13.48.17:299][ 75]LogModuleManager: Shutting down and abandoning module AutomationWorker (183)
[2015.12.02-13.48.17:299][ 75]LogModuleManager: Shutting down and abandoning module CharacterAI (182)
[2015.12.02-13.48.17:299][ 75]LogModuleManager: Shutting down and abandoning module SmartSnapping (181)
[2015.12.02-13.48.17:299][ 75]LogModuleManager: Shutting down and abandoning module ViewportSnapping (180)
[2015.12.02-13.48.17:299][ 75]LogModuleManager: Shutting down and abandoning module LogVisualizer (179)
[2015.12.02-13.48.17:299][ 75]LogModuleManager: Shutting down and abandoning module GameProjectGeneration (178)
[2015.12.02-13.48.17:299][ 75]LogModuleManager: Shutting down and abandoning module IntroTutorials (177)
[2015.12.02-13.48.17:299][ 75]LogModuleManager: Shutting down and abandoning module EditorLiveStreaming (176)
[2015.12.02-13.48.17:299][ 75]LogModuleManager: Shutting down and abandoning module IOSPlatformEditor (175)
[2015.12.02-13.48.17:299][ 75]LogModuleManager: Shutting down and abandoning module HTML5PlatformEditor (174)
[2015.12.02-13.48.17:299][ 75]LogModuleManager: Shutting down and abandoning module AndroidDeviceDetection (173)
[2015.12.02-13.48.17:820][ 75]LogModuleManager: Shutting down and abandoning module AndroidPlatformEditor (172)
[2015.12.02-13.48.17:820][ 75]LogModuleManager: Shutting down and abandoning module IOSRuntimeSettings (171)
[2015.12.02-13.48.17:820][ 75]LogModuleManager: Shutting down and abandoning module AndroidRuntimeSettings (170)
[2015.12.02-13.48.17:820][ 75]LogModuleManager: Shutting down and abandoning module MergeActors (169)
[2015.12.02-13.48.17:820][ 75]LogModuleManager: Shutting down and abandoning module SizeMap (168)
[2015.12.02-13.48.17:820][ 75]LogModuleManager: Shutting down and abandoning module TreeMap (167)
[2015.12.02-13.48.17:820][ 75]LogModuleManager: Shutting down and abandoning module ReferenceViewer (166)
[2015.12.02-13.48.17:820][ 75]LogModuleManager: Shutting down and abandoning module LocalizationService (165)
[2015.12.02-13.48.17:820][ 75]LogModuleManager: Shutting down and abandoning module LocalizationDashboard (164)
[2015.12.02-13.48.17:820][ 75]LogModuleManager: Shutting down and abandoning module HardwareTargeting (163)
[2015.12.02-13.48.17:820][ 75]LogModuleManager: Shutting down and abandoning module DeviceProfileEditor (162)
[2015.12.02-13.48.17:820][ 75]LogModuleManager: Shutting down and abandoning module UndoHistory (161)
[2015.12.02-13.48.17:821][ 75]LogModuleManager: Shutting down and abandoning module GameplayTagsEditor (160)
[2015.12.02-13.48.17:821][ 75]LogModuleManager: Shutting down and abandoning module UserFeedback (159)
[2015.12.02-13.48.17:821][ 75]LogModuleManager: Shutting down and abandoning module XmlParser (158)
[2015.12.02-13.48.17:821][ 75]LogModuleManager: Shutting down and abandoning module Blutility (157)
[2015.12.02-13.48.17:821][ 75]LogModuleManager: Shutting down and abandoning module ProjectTargetPlatformEditor (156)
[2015.12.02-13.48.17:821][ 75]LogModuleManager: Shutting down and abandoning module ProjectSettingsViewer (155)
[2015.12.02-13.48.17:821][ 75]LogModuleManager: Shutting down and abandoning module InputBindingEditor (154)
[2015.12.02-13.48.17:821][ 75]LogModuleManager: Shutting down and abandoning module EditorSettingsViewer (153)
[2015.12.02-13.48.17:821][ 75]LogModuleManager: Shutting down and abandoning module SettingsEditor (152)
[2015.12.02-13.48.17:821][ 75]LogModuleManager: Shutting down and abandoning module ProjectLauncher (151)
[2015.12.02-13.48.17:821][ 75]LogModuleManager: Shutting down and abandoning module SessionFrontend (150)
[2015.12.02-13.48.17:821][ 75]LogModuleManager: Shutting down and abandoning module ProfilerClient (149)
[2015.12.02-13.48.17:821][ 75]LogModuleManager: Shutting down and abandoning module TargetDeviceServices (148)
[2015.12.02-13.48.17:821][ 75]LogModuleManager: Shutting down and abandoning module DeviceManager (147)
[2015.12.02-13.48.17:821][ 75]LogModuleManager: Shutting down and abandoning module AutomationController (146)
[2015.12.02-13.48.17:821][ 75]LogModuleManager: Shutting down and abandoning module AutomationWindow (145)
[2015.12.02-13.48.17:821][ 75]LogModuleManager: Shutting down and abandoning module Layers (144)
[2015.12.02-13.48.17:821][ 75]LogModuleManager: Shutting down and abandoning module ComponentVisualizers (143)
[2015.12.02-13.48.17:821][ 75]LogModuleManager: Shutting down and abandoning module DetailCustomizations (142)
[2015.12.02-13.48.17:821][ 75]LogModuleManager: Shutting down and abandoning module PackagesDialog (141)
[2015.12.02-13.48.17:821][ 75]LogModuleManager: Shutting down and abandoning module Persona (140)
[2015.12.02-13.48.17:821][ 75]LogModuleManager: Shutting down and abandoning module Kismet (139)
[2015.12.02-13.48.17:821][ 75]LogModuleManager: Shutting down and abandoning module GraphEditor (138)
[2015.12.02-13.48.17:821][ 75]LogModuleManager: Shutting down and abandoning module ClassViewer (137)
[2015.12.02-13.48.17:821][ 75]LogModuleManager: Shutting down and abandoning module Toolbox (136)
[2015.12.02-13.48.17:821][ 75]LogModuleManager: Shutting down and abandoning module ModuleUI (135)
[2015.12.02-13.48.17:821][ 75]LogModuleManager: Shutting down and abandoning module MovieSceneTools (134)
[2015.12.02-13.48.17:821][ 75]LogModuleManager: Shutting down and abandoning module OutputLog (133)
[2015.12.02-13.48.17:821][ 75]LogModuleManager: Shutting down and abandoning module GammaUI (132)
[2015.12.02-13.48.17:821][ 75]LogModuleManager: Shutting down and abandoning module Documentation (131)
[2015.12.02-13.48.17:821][ 75]LogModuleManager: Shutting down and abandoning module GameLiveStreaming (130)
[2015.12.02-13.48.17:821][ 75]LogModuleManager: Shutting down and abandoning module StreamingPauseRendering (129)
[2015.12.02-13.48.17:821][ 75]LogModuleManager: Shutting down and abandoning module AnalyticsET (128)
[2015.12.02-13.48.17:821][ 75]LogModuleManager: Shutting down and abandoning module Analytics (127)
[2015.12.02-13.48.17:821][ 75]LogModuleManager: Shutting down and abandoning module AITestSuite (126)
[2015.12.02-13.48.17:821][ 75]LogModuleManager: Shutting down and abandoning module GameplayDebugger (125)
[2015.12.02-13.48.17:821][ 75]LogModuleManager: Shutting down and abandoning module AIModule (124)
[2015.12.02-13.48.17:821][ 75]LogModuleManager: Shutting down and abandoning module ProfilerService (123)
[2015.12.02-13.48.17:930][ 75]LogModuleManager: Shutting down and abandoning module TaskGraph (122)
[2015.12.02-13.48.17:930][ 75]LogModuleManager: Shutting down and abandoning module SlateRemote (121)
[2015.12.02-13.48.17:930][ 75]LogModuleManager: Shutting down and abandoning module SteamVRController (120)
[2015.12.02-13.48.17:930][ 75]LogModuleManager: Shutting down and abandoning module SteamVR (119)
[2015.12.02-13.48.17:930][ 75]LogModuleManager: Shutting down and abandoning module ProceduralMeshComponent (118)
[2015.12.02-13.48.17:930][ 75]LogModuleManager: Shutting down and abandoning module OculusLibrary (117)
[2015.12.02-13.48.17:930][ 75]LogModuleManager: Shutting down and abandoning module OculusInput (116)
[2015.12.02-13.48.17:930][ 75]LogModuleManager: Shutting down and abandoning module LeapMotionController (115)
[2015.12.02-13.48.17:941][ 75]LogModuleManager: Shutting down and abandoning module CustomMeshComponent (114)
[2015.12.02-13.48.17:941][ 75]LogModuleManager: Shutting down and abandoning module CableComponent (113)
[2015.12.02-13.48.17:941][ 75]LogModuleManager: Shutting down and abandoning module ArchVisCharacter (112)
[2015.12.02-13.48.17:941][ 75]LogModuleManager: Shutting down and abandoning module MessagingDebugger (111)
[2015.12.02-13.48.17:941][ 75]LogModuleManager: Shutting down and abandoning module MediaPlayerEditor (110)
[2015.12.02-13.48.17:941][ 75]LogModuleManager: Shutting down and abandoning module HTML5Networking (109)
[2015.12.02-13.48.17:941][ 75]LogModuleManager: Shutting down and abandoning module SpeedTreeImporter (108)
[2015.12.02-13.48.17:941][ 75]LogModuleManager: Shutting down and abandoning module PluginBrowser (107)
[2015.12.02-13.48.17:941][ 75]LogModuleManager: Shutting down and abandoning module EpicSurvey (106)
[2015.12.02-13.48.17:941][ 75]LogModuleManager: Shutting down and abandoning module DesktopPlatform (105)
[2015.12.02-13.48.17:941][ 75]LogModuleManager: Shutting down and abandoning module VisualStudioSourceCodeAccess (104)
[2015.12.02-13.48.17:941][ 75]LogModuleManager: Shutting down and abandoning module UObjectPlugin (103)
[2015.12.02-13.48.17:941][ 75]LogModuleManager: Shutting down and abandoning module SubversionSourceControl (102)
[2015.12.02-13.48.17:941][ 75]LogModuleManager: Shutting down and abandoning module PerforceSourceControl (101)
[2015.12.02-13.48.17:941][ 75]LogModuleManager: Shutting down and abandoning module SourceControl (100)
[2015.12.02-13.48.17:941][ 75]LogModuleManager: Shutting down and abandoning module GitSourceControl (99)
[2015.12.02-13.48.17:941][ 75]LogModuleManager: Shutting down and abandoning module LightPropagationVolumeEditor (98)
[2015.12.02-13.48.17:941][ 75]LogModuleManager: Shutting down and abandoning module PaperTiledImporter (97)
[2015.12.02-13.48.17:941][ 75]LogModuleManager: Shutting down and abandoning module PaperSpriteSheetImporter (96)
[2015.12.02-13.48.17:941][ 75]LogModuleManager: Shutting down and abandoning module MeshPaint (95)
[2015.12.02-13.48.17:941][ 75]LogModuleManager: Shutting down and abandoning module SlateReflector (94)
[2015.12.02-13.48.17:941][ 75]LogModuleManager: Shutting down and abandoning module HotReload (93)
[2015.12.02-13.48.17:941][ 75]LogModuleManager: Shutting down and abandoning module MainFrame (92)
[2015.12.02-13.48.17:941][ 75]LogModuleManager: Shutting down and abandoning module LevelEditor (91)
[2015.12.02-13.48.17:942][ 75]LogModuleManager: Shutting down and abandoning module DirectoryWatcher (90)
[2015.12.02-13.48.17:943][ 75]LogModuleManager: Shutting down and abandoning module AssetRegistry (89)
[2015.12.02-13.48.17:985][ 75]LogModuleManager: Shutting down and abandoning module ContentBrowser (88)
[2015.12.02-13.48.17:985][ 75]LogModuleManager: Shutting down and abandoning module Paper2DEditor (87)
[2015.12.02-13.48.17:985][ 75]LogModuleManager: Shutting down and abandoning module UdpMessaging (86)
[2015.12.02-13.48.18:087][ 75]LogModuleManager: Shutting down and abandoning module LightPropagationVolumeRuntime (85)
[2015.12.02-13.48.18:087][ 75]LogModuleManager: Shutting down and abandoning module Paper2D (84)
[2015.12.02-13.48.18:087][ 75]LogModuleManager: Shutting down and abandoning module WindowsMoviePlayer (83)
[2015.12.02-13.48.18:089][ 75]LogModuleManager: Shutting down and abandoning module Media (82)
[2015.12.02-13.48.18:089][ 75]LogModuleManager: Shutting down and abandoning module WmfMedia (81)
[2015.12.02-13.48.18:089][ 75]LogModuleManager: Shutting down and abandoning module OnlineBlueprintSupport (80)
[2015.12.02-13.48.18:089][ 75]LogModuleManager: Shutting down and abandoning module GameplayTasksEditor (79)
[2015.12.02-13.48.18:089][ 75]LogModuleManager: Shutting down and abandoning module PropertyEditor (78)
[2015.12.02-13.48.18:089][ 75]LogModuleManager: Shutting down and abandoning module BehaviorTreeEditor (77)
[2015.12.02-13.48.18:089][ 75]LogModuleManager: Shutting down and abandoning module FunctionalTesting (76)
[2015.12.02-13.48.18:089][ 75]LogModuleManager: Shutting down and abandoning module CollisionAnalyzer (75)
[2015.12.02-13.48.18:089][ 75]LogModuleManager: Shutting down and abandoning module WorkspaceMenuStructure (74)
[2015.12.02-13.48.18:089][ 75]LogModuleManager: Shutting down and abandoning module MessageLog (73)
[2015.12.02-13.48.18:089][ 75]LogModuleManager: Shutting down and abandoning module Sequencer (72)
[2015.12.02-13.48.18:089][ 75]LogModuleManager: Shutting down and abandoning module AssetTools (71)
[2015.12.02-13.48.18:089][ 75]LogModuleManager: Shutting down and abandoning module UMGEditor (70)
[2015.12.02-13.48.18:089][ 75]LogModuleManager: Shutting down and abandoning module UMG (69)
[2015.12.02-13.48.18:089][ 75]LogModuleManager: Shutting down and abandoning module Slate (68)
[2015.12.02-13.48.18:089][ 75]LogModuleManager: Shutting down and abandoning module EditorStyle (67)
[2015.12.02-13.48.18:090][ 75]LogModuleManager: Shutting down and abandoning module SessionServices (66)
[2015.12.02-13.48.18:090][ 75]LogModuleManager: Shutting down and abandoning module SourceCodeAccess (65)
[2015.12.02-13.48.18:090][ 75]LogModuleManager: Shutting down and abandoning module HeadMountedDisplay (64)
[2015.12.02-13.48.18:090][ 75]LogModuleManager: Shutting down and abandoning module XAudio2 (63)
[2015.12.02-13.48.18:090][ 75]LogModuleManager: Shutting down and abandoning module Networking (61)
[2015.12.02-13.48.18:090][ 75]LogModuleManager: Shutting down and abandoning module Core (60)
[2015.12.02-13.48.18:090][ 75]LogModuleManager: Shutting down and abandoning module KismetCompiler (59)
[2015.12.02-13.48.18:090][ 75]LogModuleManager: Shutting down and abandoning module PhysXFormats (58)
[2015.12.02-13.48.18:090][ 75]LogModuleManager: Shutting down and abandoning module MeshUtilities (57)
[2015.12.02-13.48.18:090][ 75]LogModuleManager: Shutting down and abandoning module DerivedDataCache (56)
[2015.12.02-13.48.18:151][ 75]LogDerivedDataCache: Shutdown
[2015.12.02-13.48.18:151][ 75]LogModuleManager: Shutting down and abandoning module ShaderFormatOpenGL (55)
[2015.12.02-13.48.18:151][ 75]LogModuleManager: Shutting down and abandoning module ShaderFormatD3D (54)
[2015.12.02-13.48.18:151][ 75]LogModuleManager: Shutting down and abandoning module MetalShaderFormat (53)
[2015.12.02-13.48.18:151][ 75]LogModuleManager: Shutting down and abandoning module TextureFormatUncompressed (52)
[2015.12.02-13.48.18:151][ 75]LogModuleManager: Shutting down and abandoning module TextureFormatPVR (51)
[2015.12.02-13.48.18:151][ 75]LogModuleManager: Shutting down and abandoning module TextureFormatIntelISPCTexComp (50)
[2015.12.02-13.48.18:151][ 75]LogModuleManager: Shutting down and abandoning module TextureFormatDXT (49)
[2015.12.02-13.48.18:151][ 75]LogModuleManager: Shutting down and abandoning module ImageWrapper (48)
[2015.12.02-13.48.18:151][ 75]LogModuleManager: Shutting down and abandoning module TextureFormatASTC (47)
[2015.12.02-13.48.18:151][ 75]LogModuleManager: Shutting down and abandoning module TextureFormatAndroid (46)
[2015.12.02-13.48.18:151][ 75]LogModuleManager: Shutting down and abandoning module AudioFormatOpus (45)
[2015.12.02-13.48.18:151][ 75]LogModuleManager: Shutting down and abandoning module AudioFormatOgg (44)
[2015.12.02-13.48.18:151][ 75]LogModuleManager: Shutting down and abandoning module AudioFormatADPCM (43)
[2015.12.02-13.48.18:151][ 75]LogModuleManager: Shutting down and abandoning module LinuxTargetPlatform (42)
[2015.12.02-13.48.18:151][ 75]LogModuleManager: Shutting down and abandoning module LinuxServerTargetPlatform (41)
[2015.12.02-13.48.18:151][ 75]LogModuleManager: Shutting down and abandoning module LinuxNoEditorTargetPlatform (40)
[2015.12.02-13.48.18:151][ 75]LogModuleManager: Shutting down and abandoning module Messaging (39)
[2015.12.02-13.48.18:151][ 75]LogModuleManager: Shutting down and abandoning module IOSTargetPlatform (38)
[2015.12.02-13.48.18:151][ 75]LogModuleManager: Shutting down and abandoning module HTML5TargetPlatform (37)
[2015.12.02-13.48.18:151][ 75]LogModuleManager: Shutting down and abandoning module Android_PVRTCTargetPlatform (36)
[2015.12.02-13.48.18:151][ 75]LogModuleManager: Shutting down and abandoning module Android_MultiTargetPlatform (35)
[2015.12.02-13.48.18:151][ 75]LogModuleManager: Shutting down and abandoning module Android_ETC2TargetPlatform (34)
[2015.12.02-13.48.18:151][ 75]LogModuleManager: Shutting down and abandoning module Android_ETC1TargetPlatform (33)
[2015.12.02-13.48.18:151][ 75]LogModuleManager: Shutting down and abandoning module Android_DXTTargetPlatform (32)
[2015.12.02-13.48.18:151][ 75]LogModuleManager: Shutting down and abandoning module Android_ATCTargetPlatform (31)
[2015.12.02-13.48.18:151][ 75]LogModuleManager: Shutting down and abandoning module Android_ASTCTargetPlatform (30)
[2015.12.02-13.48.18:151][ 75]LogModuleManager: Shutting down and abandoning module AndroidTargetPlatform (29)
[2015.12.02-13.48.18:151][ 75]LogModuleManager: Shutting down and abandoning module WindowsTargetPlatform (28)
[2015.12.02-13.48.18:151][ 75]LogModuleManager: Shutting down and abandoning module WindowsServerTargetPlatform (27)
[2015.12.02-13.48.18:151][ 75]LogModuleManager: Shutting down and abandoning module WindowsNoEditorTargetPlatform (26)
[2015.12.02-13.48.18:151][ 75]LogModuleManager: Shutting down and abandoning module WindowsClientTargetPlatform (25)
[2015.12.02-13.48.18:151][ 75]LogModuleManager: Shutting down and abandoning module AllDesktopTargetPlatform (24)
[2015.12.02-13.48.18:151][ 75]LogModuleManager: Shutting down and abandoning module TargetPlatform (23)
[2015.12.02-13.48.18:151][ 75]LogModuleManager: Shutting down and abandoning module InputCore (22)
[2015.12.02-13.48.18:151][ 75]LogModuleManager: Shutting down and abandoning module Settings (21)
[2015.12.02-13.48.18:151][ 75]LogModuleManager: Shutting down and abandoning module OnlineSubsystem (19)
[2015.12.02-13.48.18:151][ 75]LogModuleManager: Shutting down and abandoning module HTTP (18)
[2015.12.02-13.48.20:155][ 75]LogModuleManager: Shutting down and abandoning module XMPP (17)
[2015.12.02-13.48.20:155][ 75]LogModuleManager: Shutting down and abandoning module OculusRift (16)
[2015.12.02-13.48.20:155][ 75]LogModuleManager: Shutting down and abandoning module ExampleDeviceProfileSelector (15)
[2015.12.02-13.48.20:155][ 75]LogModuleManager: Shutting down and abandoning module TextureCompressor (14)
[2015.12.02-13.48.20:155][ 75]LogModuleManager: Shutting down and abandoning module ShaderCore (13)
[2015.12.02-13.48.20:155][ 75]LogModuleManager: Shutting down and abandoning module Landscape (12)
[2015.12.02-13.48.20:155][ 75]LogModuleManager: Shutting down and abandoning module SlateRHIRenderer (11)
[2015.12.02-13.48.20:156][ 75]LogModuleManager: Shutting down and abandoning module OpenGLDrv (10)
[2015.12.02-13.48.20:156][ 75]LogModuleManager: Shutting down and abandoning module D3D11RHI (9)
[2015.12.02-13.48.20:156][ 75]LogModuleManager: Shutting down and abandoning module AnimGraphRuntime (8)
[2015.12.02-13.48.20:156][ 75]LogModuleManager: Shutting down and abandoning module Renderer (7)
[2015.12.02-13.48.20:156][ 75]LogModuleManager: Shutting down and abandoning module Engine (6)
[2015.12.02-13.48.20:156][ 75]LogModuleManager: Shutting down and abandoning module CoreUObject (5)
[2015.12.02-13.48.20:156][ 75]LogModuleManager: Shutting down and abandoning module NetworkFile (4)
[2015.12.02-13.48.20:156][ 75]LogModuleManager: Shutting down and abandoning module StreamingFile (3)
[2015.12.02-13.48.20:156][ 75]LogModuleManager: Shutting down and abandoning module SandboxFile (2)
[2015.12.02-13.48.20:156][ 75]LogModuleManager: Shutting down and abandoning module PakFile (1)
[2015.12.02-13.48.20:157][ 75]LogExit: Exiting.
[2015.12.02-13.48.20:166][ 75]Log file closed, 12/02/15 07:48:20
