[2015.12.02-13.48.16:699][  0]Log file open, 12/02/15 07:48:16
[2015.12.02-13.48.16:699][  0]LogInit:Display: Running engine for game: TrueFPS
[2015.12.02-13.48.16:699][  0]LogPlatformFile: Not using cached read wrapper
[2015.12.02-13.48.16:699][  0]LogInit:Display: RandInit(787900538) SRandInit(787900539).
[2015.12.02-13.48.16:699][  0]LogTaskGraph: Started task graph with 4 named threads and 7 total threads.
[2015.12.02-13.48.16:699][  0]LogStats: Stats thread started at 0.087231
[2015.12.02-13.48.16:699][  0]LogInit: Version: 4.10.0-2758231+++depot+UE4-Releases+4.10
[2015.12.02-13.48.16:699][  0]LogInit: API Version: 2758231
[2015.12.02-13.48.16:699][  0]LogInit: Compiled (64-bit): Nov  7 2015 05:13:45
[2015.12.02-13.48.16:699][  0]LogInit: Compiled with Visual C++: 19.00.23026.00
[2015.12.02-13.48.16:699][  0]LogInit: Build Configuration: Development
[2015.12.02-13.48.16:699][  0]LogInit: Branch Name: ++depot+UE4-Releases+4.10
[2015.12.02-13.48.16:699][  0]LogInit: Command line: 
[2015.12.02-13.48.16:699][  0]LogInit: Base directory: D:/Program Files/UE4/Epic Games/4.10/Engine/Binaries/Win64/
[2015.12.02-13.48.16:699][  0]LogInit: Rocket: 1
[2015.12.02-13.48.16:710][  0]LogInit: Using libcurl 7.41.0
[2015.12.02-13.48.16:710][  0]LogInit:  - built for x86_64-pc-win32
[2015.12.02-13.48.16:710][  0]LogInit:  - supports SSL with WinSSL
[2015.12.02-13.48.16:710][  0]LogInit:  - other features:
[2015.12.02-13.48.16:710][  0]LogInit:      CURL_VERSION_SSL
[2015.12.02-13.48.16:710][  0]LogInit:      CURL_VERSION_IPV6
[2015.12.02-13.48.16:710][  0]LogInit:      CURL_VERSION_ASYNCHDNS
[2015.12.02-13.48.16:710][  0]LogInit:      CURL_VERSION_LARGEFILE
[2015.12.02-13.48.16:710][  0]LogInit:      CURL_VERSION_IDN
[2015.12.02-13.48.16:710][  0]LogInit:  CurlRequestOptions (configurable via config and command line):
[2015.12.02-13.48.16:710][  0]LogInit:  - bVerifyPeer = true  - Libcurl will verify peer certificate
[2015.12.02-13.48.16:710][  0]LogInit:  - bUseHttpProxy = false  - Libcurl will NOT use HTTP proxy
[2015.12.02-13.48.16:710][  0]LogInit:  - bDontReuseConnections = false  - Libcurl will reuse connections
[2015.12.02-13.48.16:710][  0]LogInit:  - CertBundlePath = nullptr  - Libcurl will use whatever was configured at build time.
[2015.12.02-13.48.16:730][  0]LogInit: Presizing for 0 objects not considered by GC, pre-allocating 0 bytes.
[2015.12.02-13.48.16:734][  0]LogInit: Object subsystem initialized
[2015.12.02-13.48.16:735][  0]LogInit: Selected Device Profile: [Windows]
[2015.12.02-13.48.16:735][  0]LogInit: Applying CVar settings loaded from the selected device profile: [Windows]
[2015.12.02-13.48.16:747][  0]LogInit: Computer: GHOST
[2015.12.02-13.48.16:748][  0]LogInit: User: Jake
[2015.12.02-13.48.16:748][  0]LogInit: CPU Page size=4096, Cores=4
[2015.12.02-13.48.16:748][  0]LogInit: High frequency timer resolution =3.417964 MHz
[2015.12.02-13.48.16:748][  0]LogMemory: Memory total: Physical=15.9GB (16GB approx)
[2015.12.02-13.48.16:748][  0]LogMemory: Platform Memory Stats for Windows
[2015.12.02-13.48.16:748][  0]LogMemory: Process Physical Memory: 55.84 MB used, 55.84 MB peak
[2015.12.02-13.48.16:748][  0]LogMemory: Process Virtual Memory: 58.71 MB used, 58.71 MB peak
[2015.12.02-13.48.16:748][  0]LogMemory: Physical Memory: 4893.35 MB used, 16244.39 MB total
[2015.12.02-13.48.16:748][  0]LogMemory: Virtual Memory: 381.12 MB used, 134217728.00 MB total
[2015.12.02-13.48.16:899][  0]LogTextLocalizationManager: No specific translations for ('en-US') exist, so ('en') translations will be used.
[2015.12.02-13.48.17:295][  0]LogD3D11RHI: Found D3D11 adapter 0: NVIDIA GeForce GTX 970 (Feature Level 11_0)
[2015.12.02-13.48.17:295][  0]LogD3D11RHI: Adapter has 4008MB of dedicated video memory, 0MB of dedicated system memory, and 8122MB of shared system memory, 1 output[s]
[2015.12.02-13.48.17:329][  0]LogD3D11RHI: Found D3D11 adapter 1: Intel(R) HD Graphics 4600 (Feature Level 11_0)
[2015.12.02-13.48.17:329][  0]LogD3D11RHI: Adapter has 112MB of dedicated video memory, 0MB of dedicated system memory, and 8122MB of shared system memory, 0 output[s]
[2015.12.02-13.48.17:330][  0]LogD3D11RHI: Found D3D11 adapter 2: Microsoft Basic Render Driver (Feature Level 11_0)
[2015.12.02-13.48.17:330][  0]LogD3D11RHI: Adapter has 0MB of dedicated video memory, 0MB of dedicated system memory, and 8122MB of shared system memory, 0 output[s]
[2015.12.02-13.48.17:330][  0]LogD3D11RHI: Chosen D3D11 Adapter Id = 0
[2015.12.02-13.48.17:333][  0]LogD3D11RHI: !Direct3DDevice
[2015.12.02-13.48.17:333][  0]LogRHI: Texture pool is 1361 MB (70% of 1945 MB)
[2015.12.02-13.48.17:343][  0]LogD3D11RHI: Async texture creation enabled
[2015.12.02-13.48.17:723][  0]LogShaderCompilers: Guid format shader working directory is -6 characters bigger than the processId version (../../../../../../../Unreal Engine Projects/TrueFPS/Intermediate/Shaders/WorkingDirectory/8044/).
[2015.12.02-13.48.17:723][  0]LogShaderCompilers: Cleaned the shader compiler working directory 'C:/Users/Jake/AppData/Local/Temp/UnrealShaderWorkingDir/EB354C264D8F1D32B944088A9F838C8F/'.
[2015.12.02-13.48.17:723][  0]LogShaderCompilers:Display: Using Local Shader Compiler.
[2015.12.02-13.48.18:752][  0]LogTemp:Display: Loaded TP AllDesktopTargetPlatform
[2015.12.02-13.48.18:755][  0]LogTemp:Display: Loaded TP WindowsClientTargetPlatform
[2015.12.02-13.48.18:759][  0]LogTemp:Display: Loaded TP WindowsNoEditorTargetPlatform
[2015.12.02-13.48.18:764][  0]LogTemp:Display: Loaded TP WindowsServerTargetPlatform
[2015.12.02-13.48.18:767][  0]LogTemp:Display: Loaded TP WindowsTargetPlatform
[2015.12.02-13.48.18:771][  0]LogTemp:Display: Loaded TP AndroidTargetPlatform
[2015.12.02-13.48.18:773][  0]LogTemp:Display: Loaded TP Android_ASTCTargetPlatform
[2015.12.02-13.48.18:775][  0]LogTemp:Display: Loaded TP Android_ATCTargetPlatform
[2015.12.02-13.48.18:778][  0]LogTemp:Display: Loaded TP Android_DXTTargetPlatform
[2015.12.02-13.48.18:780][  0]LogTemp:Display: Loaded TP Android_ETC1TargetPlatform
[2015.12.02-13.48.18:782][  0]LogTemp:Display: Loaded TP Android_ETC2TargetPlatform
[2015.12.02-13.48.18:787][  0]LogTemp:Display: Loaded TP Android_MultiTargetPlatform
[2015.12.02-13.48.18:787][  0]LogTemp:Display: Loaded TP Android_PVRTCTargetPlatform
[2015.12.02-13.48.18:787][  0]LogTemp:Display: Loaded TP HTML5TargetPlatform
[2015.12.02-13.48.18:818][  0]LogTemp:Display: Loaded TP IOSTargetPlatform
[2015.12.02-13.48.18:820][  0]LogTemp:Display: Loaded TP LinuxNoEditorTargetPlatform
[2015.12.02-13.48.18:821][  0]LogTemp:Display: Loaded TP LinuxServerTargetPlatform
[2015.12.02-13.48.18:825][  0]LogTemp:Display: Loaded TP LinuxTargetPlatform
[2015.12.02-13.48.18:825][  0]LogTargetPlatformManager:Display: Building Assets For Windows
[2015.12.02-13.48.19:005][  0]LogDerivedDataCache:Display: Max Cache Size: 512 MB
[2015.12.02-13.48.19:039][  0]LogDerivedDataCache: Loaded boot cache 0.03s 41MB C:/Users/Jake/AppData/Local/UnrealEngine/4.10/DerivedDataCache/Boot.ddc.
[2015.12.02-13.48.19:039][  0]LogDerivedDataCache:Display: Loaded Boot cache: C:/Users/Jake/AppData/Local/UnrealEngine/4.10/DerivedDataCache/Boot.ddc
[2015.12.02-13.48.19:039][  0]LogDerivedDataCache: FDerivedDataBackendGraph:  Pak pak cache file ../../../../../../../Unreal Engine Projects/TrueFPS/DerivedDataCache/DDC.ddp not found, will not use a pak cache.
[2015.12.02-13.48.19:039][  0]LogDerivedDataCache: Unable to find inner node Pak for hierarchical cache Hierarchy.
[2015.12.02-13.48.19:039][  0]LogDerivedDataCache: FDerivedDataBackendGraph:  CompressedPak pak cache file ../../../../../../../Unreal Engine Projects/TrueFPS/DerivedDataCache/Compressed.ddp not found, will not use a pak cache.
[2015.12.02-13.48.19:039][  0]LogDerivedDataCache: Unable to find inner node CompressedPak for hierarchical cache Hierarchy.
[2015.12.02-13.48.19:086][  0]LogDerivedDataCache:Display: Pak cache opened for reading ../../../Engine/DerivedDataCache/Compressed.ddp.
[2015.12.02-13.48.19:098][  0]LogDerivedDataCache: Using Local data cache path C:/Users/Jake/AppData/Local/UnrealEngine/Common/DerivedDataCache: Writable
[2015.12.02-13.48.20:735][  0]LogInit: Selected Device Profile: [Windows]
[2015.12.02-13.48.20:737][  0]LogContentStreaming: Texture pool size is 0.000000MB
[2015.12.02-13.48.20:836][  0]LogMeshUtilities: No automatic mesh reduction module available
[2015.12.02-13.48.20:836][  0]LogMeshUtilities: No automatic mesh merging module available
[2015.12.02-13.48.21:132][  0]LogInit: WinSock: version 1.1 (2.2), MaxSocks=32767, MaxUdp=65467
[2015.12.02-13.48.22:076][  0]UdpMessaging: Initializing bridge on interface 0.0.0.0:0 to multicast group 230.0.0.1:6666.
[2015.12.02-13.48.22:174][  0]LogAssetRegistry: FAssetRegistry took 0.0110 seconds to start up
[2015.12.02-13.48.22:333][  0]SourceControl: Info Source control is disabled
[2015.12.02-13.48.22:333][  0]SourceControl: Info Source control is disabled
[2015.12.02-13.48.22:340][  0]SourceControl: Info Source control is disabled
[2015.12.02-13.48.22:348][  0]SourceControl: Info Source control is disabled
[2015.12.02-13.48.22:538][  0]LogObj: 28633 objects as part of root set at end of initial load.
[2015.12.02-13.48.22:538][  0]LogUObjectAllocator: 6099752 out of 0 bytes used by permanent object pool.
[2015.12.02-13.48.22:591][  0]LogEngine: Initializing Engine...
[2015.12.02-13.48.22:592][  0]LogHMD: Can't find Oculus library dev build: is proper Runtime installed? Version: 0.8.0.0
[2015.12.02-13.48.22:599][  0]LogHMD: SteamVR failed to initialize.  Err: 110
[2015.12.02-13.48.22:742][  0]LogAIModule: Creating AISystem for world NewWorld
[2015.12.02-13.48.22:748][  0]LogInit: XAudio2 using 'PHILIPS (NVIDIA High Definition Audio)' : 2 channels at 48 kHz using 32 bits per sample (channel mask 0x3)
[2015.12.02-13.48.22:753][  0]LogInit: FAudioDevice initialized.
[2015.12.02-13.48.22:769][  0]LogDerivedDataCache: Saved boot cache 0.02s 41MB C:/Users/Jake/AppData/Local/UnrealEngine/4.10/DerivedDataCache/Boot.ddc.
[2015.12.02-13.48.22:772][  0]LogInit: Texture streaming: Enabled
[2015.12.02-13.48.22:776][  0]LogAnalytics: Creating configured Analytics provider AnalyticsET
[2015.12.02-13.48.22:776][  0]LogAnalytics: [UEEditor.Rocket.Release] APIServer = http://et2.epicgames.com/ET2/. AppVersion = 4.10.0-2758231+++depot+UE4-Releases+4.10
[2015.12.02-13.48.22:776][  0]LogAnalytics: [UEEditor.Rocket.Release] SetUserId 83ec4e23438fee05de68779410ba8dd8|430921b4d3244ab39ea8c4a3caf31e47|15d5efe6-d4b4-4642-a5e3-54b8dca2a620
[2015.12.02-13.48.22:776][  0]LogAnalytics: [UEEditor.Rocket.Release] AnalyticsET::StartSession
[2015.12.02-13.48.22:811][  0]LogInit: Transaction tracking system initialized
[2015.12.02-13.48.22:833][  0]BlueprintLog: New page: Editor Load
[2015.12.02-13.48.22:998][  0]LocalizationService: Info Localization service is disabled
[2015.12.02-13.48.23:061][  0]LogConsoleResponse:Display: 
[2015.12.02-13.48.23:211][  0]LogCook:Display: Done creating registry. It took  0.00s.
[2015.12.02-13.48.23:253][  0]LogFileCache: Scanning file cache for directory 'D:/Unreal Engine Projects/TrueFPS/Content/' took 0.01s
[2015.12.02-13.48.23:253][  0]SourceControl: Info Source control is disabled
[2015.12.02-13.48.23:253][  0]Cmd: MAP LOAD FILE="../../../../../../../Unreal Engine Projects/TrueFPS/Content/ThirdPersonBP/Maps/ThirdPersonExampleMap.umap" TEMPLATE=0 SHOWPROGRESS=1 FEATURELEVEL=3
[2015.12.02-13.48.23:254][  0]LightingResults: New page: Lighting Build
[2015.12.02-13.48.23:256][  0]MapCheck: New page: Map Check
[2015.12.02-13.48.23:256][  0]LightingResults: New page: Lighting Build
[2015.12.02-13.48.23:263][  0]LogParticles: Destroying 0 GPU particle simulations for FXSystem 0x0000003F8F03F6A0
[2015.12.02-13.48.23:751][  0]LogAIModule: Creating AISystem for world ThirdPersonExampleMap
[2015.12.02-13.48.23:759][  0]LogEditorServer: Finished looking for orphan Actors (0.000 secs)
[2015.12.02-13.48.23:760][  0]Cmd: MAP CHECKDEP NOCLEARLOG
[2015.12.02-13.48.23:791][  0]MapCheck: Info Map check complete: 0 Error(s), 0 Warning(s), took 31.621ms to complete.
[2015.12.02-13.48.23:792][  0]LogFileHelpers: Loading map 'ThirdPersonExampleMap' took 0.538
[2015.12.02-13.48.23:881][  0]LogCollectionManager: Loaded 0 collections in 0.001599 seconds
[2015.12.02-13.48.23:918][  0]LogFileCache: Scanning file cache for directory 'D:/Unreal Engine Projects/TrueFPS/Saved/Collections/' took 0.01s
[2015.12.02-13.48.23:918][  0]LogFileCache: Scanning file cache for directory 'D:/Unreal Engine Projects/TrueFPS/Content/Developers/Jake/Collections/' took 0.01s
[2015.12.02-13.48.23:918][  0]LogFileCache: Scanning file cache for directory 'D:/Unreal Engine Projects/TrueFPS/Content/Collections/' took 0.01s
[2015.12.02-13.48.23:918][  0]LogCollectionManager: Rebuilt the GUID cache for 0 collections in 0.000001 seconds
[2015.12.02-13.48.23:923][  0]LogContentBrowser: Native class hierarchy populated in 0.0052 seconds. Added 1893 classes and 338 folders.
[2015.12.02-13.48.24:079][  0]LogContentBrowser: Native class hierarchy updated for 'WidgetCarousel' in 0.0003 seconds. Added 0 classes and 0 folders.
[2015.12.02-13.48.24:242][  0]LogContentBrowser: Native class hierarchy updated for 'AddContentDialog' in 0.0003 seconds. Added 0 classes and 0 folders.
[2015.12.02-13.48.24:245][  0]LogContentBrowser: Native class hierarchy updated for 'SceneOutliner' in 0.0002 seconds. Added 1 classes and 2 folders.
[2015.12.02-13.48.24:267][  0]LogCrashTracker: Crashtracker disabled due to settings.
[2015.12.02-13.48.24:271][  0]LogUObjectGlobals:Warning: Failed to find object 'Class None.'
[2015.12.02-13.48.24:294][  0]LogLoad: Full Startup: 8.13 seconds (BP compile: 0.08 seconds)
[2015.12.02-13.48.24:636][  0]LogOcInput: Can't find Oculus library dev build: is proper Runtime installed? Version: 0.8.0.0
[2015.12.02-13.48.24:710][  0]LogContentStreaming: Texture pool size now 1000 MB
[2015.12.02-13.48.24:838][  0]LogRenderer: Reallocating scene render targets to support 1208x572 (Frame:2).
[2015.12.02-13.48.25:312][  2]LogAssetRegistry: Asset discovery search completed in 3.1485 seconds
[2015.12.02-13.48.25:312][  2]LogCollectionManager: Rebuilt the object cache for 0 collections in 0.000001 seconds (found 0 objects)
[2015.12.02-13.48.25:312][  2]LogCollectionManager: Fixed up redirectors for 0 collections in 0.000015 seconds (updated 0 objects)
[2015.12.02-13.48.39:681][175]LogLinker:Warning: Asset '../../../Engine/Content/ArtTools/RenderToTexture/Macros/RenderToTextureMacros.uasset' has been saved with empty engine version. The asset will be loaded but may be incompatible.
[2015.12.02-13.48.39:972][175]LogContentBrowser: Native class hierarchy updated for 'BlueprintGraph' in 0.0005 seconds. Added 107 classes and 0 folders.
[2015.12.02-13.48.55:656][767]LogActorComponent: UnregisterComponent: (/Engine/Transient.CharMoveComp) Not registered. Aborting.
[2015.12.02-13.49.31:718][519]LogActorComponent: UnregisterComponent: (/Engine/Transient.CharacterMovementComponent_0) Not registered. Aborting.
[2015.12.02-13.50.08:240][171]LogEditorTransaction: Undo Modify Component(s)
[2015.12.02-13.50.08:516][171]LogActorComponent: UnregisterComponent: (/Engine/Transient.CharacterMovementComponent_1) Not registered. Aborting.
[2015.12.02-13.50.08:680][180]LogEditorTransaction: Undo Modify Component(s)
[2015.12.02-13.50.08:703][180]LogActorComponent: UnregisterComponent: (/Engine/Transient.CharacterMovementComponent_2) Not registered. Aborting.
[2015.12.02-13.52.36:148][215]LogActorComponent: UnregisterComponent: (/Engine/Transient.CharacterMovementComponent_3) Not registered. Aborting.
[2015.12.02-13.53.13:201][ 31]Cmd: MODE GRID=0
[2015.12.02-13.54.07:809][925]LogActorComponent: UnregisterComponent: (/Engine/Transient.CharacterMovementComponent_4) Not registered. Aborting.
[2015.12.02-13.54.32:294][332]LogActorComponent: UnregisterComponent: (/Engine/Transient.CharacterMovementComponent_5) Not registered. Aborting.
[2015.12.02-13.54.40:680][631]LogBlueprintUserMessages: Early PlayInEditor Detection: Level '/Game/ThirdPersonBP/Maps/ThirdPersonExampleMap.ThirdPersonExampleMap:PersistentLevel' has LevelScriptBlueprint '/Game/ThirdPersonBP/Maps/ThirdPersonExampleMap.ThirdPersonExampleMap:PersistentLevel.ThirdPersonExampleMap' with GeneratedClass '/Game/ThirdPersonBP/Maps/ThirdPersonExampleMap.ThirdPersonExampleMap_C' with ClassGeneratedBy '/Game/ThirdPersonBP/Maps/ThirdPersonExampleMap.ThirdPersonExampleMap:PersistentLevel.ThirdPersonExampleMap'
[2015.12.02-13.54.40:680][631]BlueprintLog: New page: Pre-Play auto-recompile
[2015.12.02-13.54.40:683][631]LogActorComponent: UnregisterComponent: (/Engine/Transient.CharacterMovementComponent_6) Not registered. Aborting.
[2015.12.02-13.54.40:685][631]LogPlayLevel: [PlayLevel] Compiling ThirdPersonCharacter before play...
[2015.12.02-13.54.40:775][631]LogPlayLevel: PlayLevel: Blueprint regeneration took 94 ms (1 blueprints)
[2015.12.02-13.54.40:827][631]PIE: New page: PIE session: ThirdPersonExampleMap (Dec 2, 2015, 1:54:40 AM)
[2015.12.02-13.54.40:827][631]LogPlayLevel: Creating play world package: /Game/ThirdPersonBP/Maps/UEDPIE_0_ThirdPersonExampleMap
[2015.12.02-13.54.40:846][631]LogPlayLevel: PIE: StaticDuplicateObject took: (0.019319s)
[2015.12.02-13.54.40:847][631]LogAIModule: Creating AISystem for world ThirdPersonExampleMap
[2015.12.02-13.54.40:847][631]LogPlayLevel: PIE: World Init took: (0.001162s)
[2015.12.02-13.54.40:847][631]LogPlayLevel: PIE: Created PIE world by copying editor world from /Game/ThirdPersonBP/Maps/ThirdPersonExampleMap.ThirdPersonExampleMap to /Game/ThirdPersonBP/Maps/UEDPIE_0_ThirdPersonExampleMap.ThirdPersonExampleMap (0.020658s)
[2015.12.02-13.54.40:873][631]LogInit: XAudio2 using 'PHILIPS (NVIDIA High Definition Audio)' : 2 channels at 48 kHz using 32 bits per sample (channel mask 0x3)
[2015.12.02-13.54.40:875][631]LogInit: FAudioDevice initialized.
[2015.12.02-13.54.40:932][631]LogWorld: Game class is 'ThirdPersonGameMode_C'
[2015.12.02-13.54.40:935][631]LogWorld: Bringing World /Game/ThirdPersonBP/Maps/UEDPIE_0_ThirdPersonExampleMap.ThirdPersonExampleMap up for play (max tick rate 0) at 2015.12.02-07.54.40
[2015.12.02-13.54.40:935][631]LogActor:Warning: GameSession /Game/ThirdPersonBP/Maps/UEDPIE_0_ThirdPersonExampleMap.ThirdPersonExampleMap:PersistentLevel.GameSession_0 has natively added scene component(s), but none of them were set as the actor's RootComponent - picking one arbitrarily
[2015.12.02-13.54.40:935][631]LogActor:Warning: GameNetworkManager /Game/ThirdPersonBP/Maps/UEDPIE_0_ThirdPersonExampleMap.ThirdPersonExampleMap:PersistentLevel.GameNetworkManager_0 has natively added scene component(s), but none of them were set as the actor's RootComponent - picking one arbitrarily
[2015.12.02-13.54.40:935][631]LogWorld: Bringing up level for play took: 0.002660
[2015.12.02-13.54.40:936][631]PIE: Info Play in editor start time for /Game/ThirdPersonBP/Maps/UEDPIE_0_ThirdPersonExampleMap -0.164
[2015.12.02-13.54.40:937][631]LogBlueprintUserMessages: Late PlayInEditor Detection: Level '/Game/ThirdPersonBP/Maps/ThirdPersonExampleMap.ThirdPersonExampleMap:PersistentLevel' has LevelScriptBlueprint '/Game/ThirdPersonBP/Maps/ThirdPersonExampleMap.ThirdPersonExampleMap:PersistentLevel.ThirdPersonExampleMap' with GeneratedClass '/Game/ThirdPersonBP/Maps/ThirdPersonExampleMap.ThirdPersonExampleMap_C' with ClassGeneratedBy '/Game/ThirdPersonBP/Maps/ThirdPersonExampleMap.ThirdPersonExampleMap:PersistentLevel.ThirdPersonExampleMap'
[2015.12.02-13.55.40:852][764]LogActorComponent: UnregisterComponent: (/Engine/Transient.CharMoveComp) Not registered. Aborting.
[2015.12.02-13.56.16:285][948]LogBlueprintUserMessages: Early EndPlayMap Detection: Level '/Game/ThirdPersonBP/Maps/ThirdPersonExampleMap.ThirdPersonExampleMap:PersistentLevel' has LevelScriptBlueprint '/Game/ThirdPersonBP/Maps/ThirdPersonExampleMap.ThirdPersonExampleMap:PersistentLevel.ThirdPersonExampleMap' with GeneratedClass '/Game/ThirdPersonBP/Maps/ThirdPersonExampleMap.ThirdPersonExampleMap_C' with ClassGeneratedBy '/Game/ThirdPersonBP/Maps/ThirdPersonExampleMap.ThirdPersonExampleMap:PersistentLevel.ThirdPersonExampleMap'
[2015.12.02-13.56.16:318][948]LogBlueprintUserMessages: Late EndPlayMap Detection: Level '/Game/ThirdPersonBP/Maps/ThirdPersonExampleMap.ThirdPersonExampleMap:PersistentLevel' has LevelScriptBlueprint '/Game/ThirdPersonBP/Maps/ThirdPersonExampleMap.ThirdPersonExampleMap:PersistentLevel.ThirdPersonExampleMap' with GeneratedClass '/Game/ThirdPersonBP/Maps/ThirdPersonExampleMap.ThirdPersonExampleMap_C' with ClassGeneratedBy '/Game/ThirdPersonBP/Maps/ThirdPersonExampleMap.ThirdPersonExampleMap:PersistentLevel.ThirdPersonExampleMap'
[2015.12.02-13.56.16:319][948]LogActorComponent: UnregisterComponent: (/Engine/Transient.CharMoveComp) Not registered. Aborting.
[2015.12.02-13.56.16:368][949]LogParticles: Destroying 0 GPU particle simulations for FXSystem 0x0000003FD2521260
[2015.12.02-13.56.16:895][  9]LogBlueprintUserMessages: Early PlayInEditor Detection: Level '/Game/ThirdPersonBP/Maps/ThirdPersonExampleMap.ThirdPersonExampleMap:PersistentLevel' has LevelScriptBlueprint '/Game/ThirdPersonBP/Maps/ThirdPersonExampleMap.ThirdPersonExampleMap:PersistentLevel.ThirdPersonExampleMap' with GeneratedClass '/Game/ThirdPersonBP/Maps/ThirdPersonExampleMap.ThirdPersonExampleMap_C' with ClassGeneratedBy '/Game/ThirdPersonBP/Maps/ThirdPersonExampleMap.ThirdPersonExampleMap:PersistentLevel.ThirdPersonExampleMap'
[2015.12.02-13.56.16:895][  9]BlueprintLog: New page: Pre-Play auto-recompile
[2015.12.02-13.56.16:899][  9]LogPlayLevel: [PlayLevel] Compiling ThirdPersonCharacter before play...
[2015.12.02-13.56.16:947][  9]LogPlayLevel: PlayLevel: Blueprint regeneration took 52 ms (1 blueprints)
[2015.12.02-13.56.16:967][  9]PIE: New page: PIE session: ThirdPersonExampleMap (Dec 2, 2015, 1:56:16 AM)
[2015.12.02-13.56.16:967][  9]LogPlayLevel: Creating play world package: /Game/ThirdPersonBP/Maps/UEDPIE_0_ThirdPersonExampleMap
[2015.12.02-13.56.16:981][  9]LogPlayLevel: PIE: StaticDuplicateObject took: (0.014664s)
[2015.12.02-13.56.16:982][  9]LogAIModule: Creating AISystem for world ThirdPersonExampleMap
[2015.12.02-13.56.16:982][  9]LogPlayLevel: PIE: World Init took: (0.000700s)
[2015.12.02-13.56.16:982][  9]LogPlayLevel: PIE: Created PIE world by copying editor world from /Game/ThirdPersonBP/Maps/ThirdPersonExampleMap.ThirdPersonExampleMap to /Game/ThirdPersonBP/Maps/UEDPIE_0_ThirdPersonExampleMap.ThirdPersonExampleMap (0.015544s)
[2015.12.02-13.56.17:008][  9]LogInit: XAudio2 using 'PHILIPS (NVIDIA High Definition Audio)' : 2 channels at 48 kHz using 32 bits per sample (channel mask 0x3)
[2015.12.02-13.56.17:010][  9]LogInit: FAudioDevice initialized.
[2015.12.02-13.56.17:041][  9]LogWorld: Game class is 'ThirdPersonGameMode_C'
[2015.12.02-13.56.17:044][  9]LogWorld: Bringing World /Game/ThirdPersonBP/Maps/UEDPIE_0_ThirdPersonExampleMap.ThirdPersonExampleMap up for play (max tick rate 0) at 2015.12.02-07.56.17
[2015.12.02-13.56.17:044][  9]LogActor:Warning: GameSession /Game/ThirdPersonBP/Maps/UEDPIE_0_ThirdPersonExampleMap.ThirdPersonExampleMap:PersistentLevel.GameSession_1 has natively added scene component(s), but none of them were set as the actor's RootComponent - picking one arbitrarily
[2015.12.02-13.56.17:044][  9]LogActor:Warning: GameNetworkManager /Game/ThirdPersonBP/Maps/UEDPIE_0_ThirdPersonExampleMap.ThirdPersonExampleMap:PersistentLevel.GameNetworkManager_1 has natively added scene component(s), but none of them were set as the actor's RootComponent - picking one arbitrarily
[2015.12.02-13.56.17:044][  9]LogWorld: Bringing up level for play took: 0.002666
[2015.12.02-13.56.17:045][  9]PIE: Info Play in editor start time for /Game/ThirdPersonBP/Maps/UEDPIE_0_ThirdPersonExampleMap -0.056
[2015.12.02-13.56.17:045][  9]LogBlueprintUserMessages: Late PlayInEditor Detection: Level '/Game/ThirdPersonBP/Maps/ThirdPersonExampleMap.ThirdPersonExampleMap:PersistentLevel' has LevelScriptBlueprint '/Game/ThirdPersonBP/Maps/ThirdPersonExampleMap.ThirdPersonExampleMap:PersistentLevel.ThirdPersonExampleMap' with GeneratedClass '/Game/ThirdPersonBP/Maps/ThirdPersonExampleMap.ThirdPersonExampleMap_C' with ClassGeneratedBy '/Game/ThirdPersonBP/Maps/ThirdPersonExampleMap.ThirdPersonExampleMap:PersistentLevel.ThirdPersonExampleMap'
[2015.12.02-13.56.36:751][324]LogBlueprintUserMessages: Early EndPlayMap Detection: Level '/Game/ThirdPersonBP/Maps/ThirdPersonExampleMap.ThirdPersonExampleMap:PersistentLevel' has LevelScriptBlueprint '/Game/ThirdPersonBP/Maps/ThirdPersonExampleMap.ThirdPersonExampleMap:PersistentLevel.ThirdPersonExampleMap' with GeneratedClass '/Game/ThirdPersonBP/Maps/ThirdPersonExampleMap.ThirdPersonExampleMap_C' with ClassGeneratedBy '/Game/ThirdPersonBP/Maps/ThirdPersonExampleMap.ThirdPersonExampleMap:PersistentLevel.ThirdPersonExampleMap'
[2015.12.02-13.56.36:781][324]LogBlueprintUserMessages: Late EndPlayMap Detection: Level '/Game/ThirdPersonBP/Maps/ThirdPersonExampleMap.ThirdPersonExampleMap:PersistentLevel' has LevelScriptBlueprint '/Game/ThirdPersonBP/Maps/ThirdPersonExampleMap.ThirdPersonExampleMap:PersistentLevel.ThirdPersonExampleMap' with GeneratedClass '/Game/ThirdPersonBP/Maps/ThirdPersonExampleMap.ThirdPersonExampleMap_C' with ClassGeneratedBy '/Game/ThirdPersonBP/Maps/ThirdPersonExampleMap.ThirdPersonExampleMap:PersistentLevel.ThirdPersonExampleMap'
[2015.12.02-13.56.36:782][324]LogActorComponent: UnregisterComponent: (/Engine/Transient.CharacterMovementComponent_7) Not registered. Aborting.
[2015.12.02-13.56.36:829][325]LogParticles: Destroying 0 GPU particle simulations for FXSystem 0x0000003FD0208720
[2015.12.02-13.56.38:038][468]LogBlueprintUserMessages: Early PlayInEditor Detection: Level '/Game/ThirdPersonBP/Maps/ThirdPersonExampleMap.ThirdPersonExampleMap:PersistentLevel' has LevelScriptBlueprint '/Game/ThirdPersonBP/Maps/ThirdPersonExampleMap.ThirdPersonExampleMap:PersistentLevel.ThirdPersonExampleMap' with GeneratedClass '/Game/ThirdPersonBP/Maps/ThirdPersonExampleMap.ThirdPersonExampleMap_C' with ClassGeneratedBy '/Game/ThirdPersonBP/Maps/ThirdPersonExampleMap.ThirdPersonExampleMap:PersistentLevel.ThirdPersonExampleMap'
[2015.12.02-13.56.38:038][468]BlueprintLog: New page: Pre-Play auto-recompile
[2015.12.02-13.56.38:042][468]LogPlayLevel: [PlayLevel] Compiling ThirdPersonCharacter before play...
[2015.12.02-13.56.38:090][468]LogPlayLevel: PlayLevel: Blueprint regeneration took 51 ms (1 blueprints)
[2015.12.02-13.56.38:108][468]PIE: New page: PIE session: ThirdPersonExampleMap (Dec 2, 2015, 1:56:38 AM)
[2015.12.02-13.56.38:108][468]LogPlayLevel: Creating play world package: /Game/ThirdPersonBP/Maps/UEDPIE_0_ThirdPersonExampleMap
[2015.12.02-13.56.38:121][468]LogPlayLevel: PIE: StaticDuplicateObject took: (0.013148s)
[2015.12.02-13.56.38:122][468]LogAIModule: Creating AISystem for world ThirdPersonExampleMap
[2015.12.02-13.56.38:122][468]LogPlayLevel: PIE: World Init took: (0.000667s)
[2015.12.02-13.56.38:122][468]LogPlayLevel: PIE: Created PIE world by copying editor world from /Game/ThirdPersonBP/Maps/ThirdPersonExampleMap.ThirdPersonExampleMap to /Game/ThirdPersonBP/Maps/UEDPIE_0_ThirdPersonExampleMap.ThirdPersonExampleMap (0.013978s)
[2015.12.02-13.56.38:147][468]LogInit: XAudio2 using 'PHILIPS (NVIDIA High Definition Audio)' : 2 channels at 48 kHz using 32 bits per sample (channel mask 0x3)
[2015.12.02-13.56.38:150][468]LogInit: FAudioDevice initialized.
[2015.12.02-13.56.38:180][468]LogWorld: Game class is 'ThirdPersonGameMode_C'
[2015.12.02-13.56.38:183][468]LogWorld: Bringing World /Game/ThirdPersonBP/Maps/UEDPIE_0_ThirdPersonExampleMap.ThirdPersonExampleMap up for play (max tick rate 0) at 2015.12.02-07.56.38
[2015.12.02-13.56.38:183][468]LogActor:Warning: GameSession /Game/ThirdPersonBP/Maps/UEDPIE_0_ThirdPersonExampleMap.ThirdPersonExampleMap:PersistentLevel.GameSession_2 has natively added scene component(s), but none of them were set as the actor's RootComponent - picking one arbitrarily
[2015.12.02-13.56.38:183][468]LogActor:Warning: GameNetworkManager /Game/ThirdPersonBP/Maps/UEDPIE_0_ThirdPersonExampleMap.ThirdPersonExampleMap:PersistentLevel.GameNetworkManager_2 has natively added scene component(s), but none of them were set as the actor's RootComponent - picking one arbitrarily
[2015.12.02-13.56.38:183][468]LogWorld: Bringing up level for play took: 0.002846
[2015.12.02-13.56.38:184][468]PIE: Info Play in editor start time for /Game/ThirdPersonBP/Maps/UEDPIE_0_ThirdPersonExampleMap 1.084
[2015.12.02-13.56.38:184][468]LogBlueprintUserMessages: Late PlayInEditor Detection: Level '/Game/ThirdPersonBP/Maps/ThirdPersonExampleMap.ThirdPersonExampleMap:PersistentLevel' has LevelScriptBlueprint '/Game/ThirdPersonBP/Maps/ThirdPersonExampleMap.ThirdPersonExampleMap:PersistentLevel.ThirdPersonExampleMap' with GeneratedClass '/Game/ThirdPersonBP/Maps/ThirdPersonExampleMap.ThirdPersonExampleMap_C' with ClassGeneratedBy '/Game/ThirdPersonBP/Maps/ThirdPersonExampleMap.ThirdPersonExampleMap:PersistentLevel.ThirdPersonExampleMap'
[2015.12.02-13.56.51:324][989]LogBlueprintUserMessages: Early EndPlayMap Detection: Level '/Game/ThirdPersonBP/Maps/ThirdPersonExampleMap.ThirdPersonExampleMap:PersistentLevel' has LevelScriptBlueprint '/Game/ThirdPersonBP/Maps/ThirdPersonExampleMap.ThirdPersonExampleMap:PersistentLevel.ThirdPersonExampleMap' with GeneratedClass '/Game/ThirdPersonBP/Maps/ThirdPersonExampleMap.ThirdPersonExampleMap_C' with ClassGeneratedBy '/Game/ThirdPersonBP/Maps/ThirdPersonExampleMap.ThirdPersonExampleMap:PersistentLevel.ThirdPersonExampleMap'
[2015.12.02-13.56.51:354][989]LogBlueprintUserMessages: Late EndPlayMap Detection: Level '/Game/ThirdPersonBP/Maps/ThirdPersonExampleMap.ThirdPersonExampleMap:PersistentLevel' has LevelScriptBlueprint '/Game/ThirdPersonBP/Maps/ThirdPersonExampleMap.ThirdPersonExampleMap:PersistentLevel.ThirdPersonExampleMap' with GeneratedClass '/Game/ThirdPersonBP/Maps/ThirdPersonExampleMap.ThirdPersonExampleMap_C' with ClassGeneratedBy '/Game/ThirdPersonBP/Maps/ThirdPersonExampleMap.ThirdPersonExampleMap:PersistentLevel.ThirdPersonExampleMap'
[2015.12.02-13.56.51:354][989]LogActorComponent: UnregisterComponent: (/Engine/Transient.CharacterMovementComponent_8) Not registered. Aborting.
[2015.12.02-13.56.51:402][990]LogParticles: Destroying 0 GPU particle simulations for FXSystem 0x0000003FFB6428E0
[2015.12.02-13.56.52:070][ 68]LogBlueprintUserMessages: Early PlayInEditor Detection: Level '/Game/ThirdPersonBP/Maps/ThirdPersonExampleMap.ThirdPersonExampleMap:PersistentLevel' has LevelScriptBlueprint '/Game/ThirdPersonBP/Maps/ThirdPersonExampleMap.ThirdPersonExampleMap:PersistentLevel.ThirdPersonExampleMap' with GeneratedClass '/Game/ThirdPersonBP/Maps/ThirdPersonExampleMap.ThirdPersonExampleMap_C' with ClassGeneratedBy '/Game/ThirdPersonBP/Maps/ThirdPersonExampleMap.ThirdPersonExampleMap:PersistentLevel.ThirdPersonExampleMap'
[2015.12.02-13.56.52:071][ 68]BlueprintLog: New page: Pre-Play auto-recompile
[2015.12.02-13.56.52:074][ 68]LogPlayLevel: [PlayLevel] Compiling ThirdPersonCharacter before play...
[2015.12.02-13.56.52:122][ 68]LogPlayLevel: PlayLevel: Blueprint regeneration took 51 ms (1 blueprints)
[2015.12.02-13.56.52:140][ 68]PIE: New page: PIE session: ThirdPersonExampleMap (Dec 2, 2015, 1:56:52 AM)
[2015.12.02-13.56.52:140][ 68]LogPlayLevel: Creating play world package: /Game/ThirdPersonBP/Maps/UEDPIE_0_ThirdPersonExampleMap
[2015.12.02-13.56.52:154][ 68]LogPlayLevel: PIE: StaticDuplicateObject took: (0.013309s)
[2015.12.02-13.56.52:154][ 68]LogAIModule: Creating AISystem for world ThirdPersonExampleMap
[2015.12.02-13.56.52:154][ 68]LogPlayLevel: PIE: World Init took: (0.000694s)
[2015.12.02-13.56.52:155][ 68]LogPlayLevel: PIE: Created PIE world by copying editor world from /Game/ThirdPersonBP/Maps/ThirdPersonExampleMap.ThirdPersonExampleMap to /Game/ThirdPersonBP/Maps/UEDPIE_0_ThirdPersonExampleMap.ThirdPersonExampleMap (0.014157s)
[2015.12.02-13.56.52:178][ 68]LogInit: XAudio2 using 'PHILIPS (NVIDIA High Definition Audio)' : 2 channels at 48 kHz using 32 bits per sample (channel mask 0x3)
[2015.12.02-13.56.52:180][ 68]LogInit: FAudioDevice initialized.
[2015.12.02-13.56.52:211][ 68]LogWorld: Game class is 'ThirdPersonGameMode_C'
[2015.12.02-13.56.52:214][ 68]LogWorld: Bringing World /Game/ThirdPersonBP/Maps/UEDPIE_0_ThirdPersonExampleMap.ThirdPersonExampleMap up for play (max tick rate 0) at 2015.12.02-07.56.52
[2015.12.02-13.56.52:214][ 68]LogActor:Warning: GameSession /Game/ThirdPersonBP/Maps/UEDPIE_0_ThirdPersonExampleMap.ThirdPersonExampleMap:PersistentLevel.GameSession_3 has natively added scene component(s), but none of them were set as the actor's RootComponent - picking one arbitrarily
[2015.12.02-13.56.52:214][ 68]LogActor:Warning: GameNetworkManager /Game/ThirdPersonBP/Maps/UEDPIE_0_ThirdPersonExampleMap.ThirdPersonExampleMap:PersistentLevel.GameNetworkManager_3 has natively added scene component(s), but none of them were set as the actor's RootComponent - picking one arbitrarily
[2015.12.02-13.56.52:214][ 68]LogWorld: Bringing up level for play took: 0.002739
[2015.12.02-13.56.52:215][ 68]PIE: Info Play in editor start time for /Game/ThirdPersonBP/Maps/UEDPIE_0_ThirdPersonExampleMap 1.115
[2015.12.02-13.56.52:215][ 68]LogBlueprintUserMessages: Late PlayInEditor Detection: Level '/Game/ThirdPersonBP/Maps/ThirdPersonExampleMap.ThirdPersonExampleMap:PersistentLevel' has LevelScriptBlueprint '/Game/ThirdPersonBP/Maps/ThirdPersonExampleMap.ThirdPersonExampleMap:PersistentLevel.ThirdPersonExampleMap' with GeneratedClass '/Game/ThirdPersonBP/Maps/ThirdPersonExampleMap.ThirdPersonExampleMap_C' with ClassGeneratedBy '/Game/ThirdPersonBP/Maps/ThirdPersonExampleMap.ThirdPersonExampleMap:PersistentLevel.ThirdPersonExampleMap'
[2015.12.02-13.57.52:605][196]LogActorComponent: UnregisterComponent: (/Engine/Transient.CharacterMovementComponent_9) Not registered. Aborting.
[2015.12.02-14.04.20:004][860]LogBlueprintUserMessages: Early EndPlayMap Detection: Level '/Game/ThirdPersonBP/Maps/ThirdPersonExampleMap.ThirdPersonExampleMap:PersistentLevel' has LevelScriptBlueprint '/Game/ThirdPersonBP/Maps/ThirdPersonExampleMap.ThirdPersonExampleMap:PersistentLevel.ThirdPersonExampleMap' with GeneratedClass '/Game/ThirdPersonBP/Maps/ThirdPersonExampleMap.ThirdPersonExampleMap_C' with ClassGeneratedBy '/Game/ThirdPersonBP/Maps/ThirdPersonExampleMap.ThirdPersonExampleMap:PersistentLevel.ThirdPersonExampleMap'
[2015.12.02-14.04.20:035][860]LogBlueprintUserMessages: Late EndPlayMap Detection: Level '/Game/ThirdPersonBP/Maps/ThirdPersonExampleMap.ThirdPersonExampleMap:PersistentLevel' has LevelScriptBlueprint '/Game/ThirdPersonBP/Maps/ThirdPersonExampleMap.ThirdPersonExampleMap:PersistentLevel.ThirdPersonExampleMap' with GeneratedClass '/Game/ThirdPersonBP/Maps/ThirdPersonExampleMap.ThirdPersonExampleMap_C' with ClassGeneratedBy '/Game/ThirdPersonBP/Maps/ThirdPersonExampleMap.ThirdPersonExampleMap:PersistentLevel.ThirdPersonExampleMap'
[2015.12.02-14.04.20:063][861]LogParticles: Destroying 0 GPU particle simulations for FXSystem 0x0000003FD1AE56C0
[2015.12.02-14.05.38:100][468]LogGameProjectGeneration:Verbose: 'D:/Program Files/UE4/Epic Games/4.10/Templates/TP_FirstPersonBP/Media/TP_FirstPersonBP.png': Skipping as it is in an ignored folder 'Media'
[2015.12.02-14.05.38:100][468]LogGameProjectGeneration:Verbose: 'D:/Program Files/UE4/Epic Games/4.10/Templates/TP_FirstPersonBP/Media/TP_FirstPersonBP_Preview.png': Skipping as it is in an ignored folder 'Media'
[2015.12.02-14.05.39:641][469]Cmd: CLOSE_SLATE_MAINFRAME
[2015.12.02-14.05.39:641][469]LogActorComponent: UnregisterComponent: (/Engine/Transient.CharacterMovementComponent_10) Not registered. Aborting.
[2015.12.02-14.05.42:952][469]LogSavePackage: Save=116.716270ms
[2015.12.02-14.05.42:952][469]LogSavePackage: Moving '../../../../../../../Unreal Engine Projects/TrueFPS/Saved/ThirdPersonCharacter72C0A2A8448AC59393A904B0228656BE.tmp' to '../../../../../../../Unreal Engine Projects/TrueFPS/Content/ThirdPersonBP/Blueprints/ThirdPersonCharacter.uasset'
[2015.12.02-14.05.42:954][469]LogSavePackage: Total save time: 134.391699ms
[2015.12.02-14.05.42:954][469]LogSavePackage:Display: Finished SavePackage ../../../../../../../Unreal Engine Projects/TrueFPS/Content/ThirdPersonBP/Blueprints/ThirdPersonCharacter.uasset
[2015.12.02-14.05.42:995][469]LogActorComponent: UnregisterComponent: (/Engine/Transient.CharacterMovementComponent_11) Not registered. Aborting.
[2015.12.02-14.05.43:271][469]LogSavePackage: Save=251.539520ms
[2015.12.02-14.05.43:271][469]LogSavePackage: Moving '../../../../../../../Unreal Engine Projects/TrueFPS/Saved/ThirdPersonExampleMap3A02239D41F34889EA19C88F1F11275A.tmp' to '../../../../../../../Unreal Engine Projects/TrueFPS/Content/ThirdPersonBP/Maps/ThirdPersonExampleMap.umap'
[2015.12.02-14.05.43:272][469]LogSavePackage: Total save time: 260.904152ms
[2015.12.02-14.05.43:272][469]LogSavePackage:Display: Finished SavePackage ../../../../../../../Unreal Engine Projects/TrueFPS/Content/ThirdPersonBP/Maps/ThirdPersonExampleMap.umap
[2015.12.02-14.05.43:365][469]LogFileHelpers: Saving map 'ThirdPersonExampleMap' took 0.409
[2015.12.02-14.05.43:404][469]LogWindowsTextInputMethodSystem:Display: IME system now deactivated.
[2015.12.02-14.05.43:577][470]Cmd: QUIT_EDITOR
[2015.12.02-14.05.43:851][470]LogExit: Preparing to exit.
[2015.12.02-14.05.44:546][470]LogExit: Editor shut down
[2015.12.02-14.05.44:546][470]LogExit: Transaction tracking system shut down
[2015.12.02-14.05.44:547][470]LogParticles: Destroying 0 GPU particle simulations for FXSystem 0x0000003FFFCD36A0
[2015.12.02-14.05.44:547][470]LogParticles: Destroying 0 GPU particle simulations for FXSystem 0x0000003F9DE17880
[2015.12.02-14.05.44:547][470]LogParticles: Destroying 0 GPU particle simulations for FXSystem 0x0000003F9EF29A80
[2015.12.02-14.05.44:547][470]LogParticles: Destroying 0 GPU particle simulations for FXSystem 0x0000003F9F401C60
[2015.12.02-14.05.44:679][470]LogExit: Object subsystem successfully closed.
[2015.12.02-14.05.44:690][470]LogD3D11RHI: Shutdown
[2015.12.02-14.05.44:690][470]LogD3D11RHI: CleanupD3DDevice
[2015.12.02-14.05.44:730][470]LogD3D11RHI: ~FD3D11DynamicRHI
[2015.12.02-14.05.44:739][470]LogModuleManager: Shutting down and abandoning module CookingStats (200)
[2015.12.02-14.05.44:739][470]LogModuleManager: Shutting down and abandoning module BlueprintGraph (199)
[2015.12.02-14.05.44:739][470]LogModuleManager: Shutting down and abandoning module CrashTracker (198)
[2015.12.02-14.05.44:739][470]LogModuleManager: Shutting down and abandoning module SceneOutliner (197)
[2015.12.02-14.05.44:739][470]LogModuleManager: Shutting down and abandoning module SuperSearch (196)
[2015.12.02-14.05.44:739][470]LogModuleManager: Shutting down and abandoning module WidgetCarousel (195)
[2015.12.02-14.05.44:739][470]LogModuleManager: Shutting down and abandoning module AddContentDialog (194)
[2015.12.02-14.05.44:740][470]LogModuleManager: Shutting down and abandoning module EditorWidgets (193)
[2015.12.02-14.05.44:740][470]LogModuleManager: Shutting down and abandoning module CollectionManager (192)
[2015.12.02-14.05.44:740][470]LogModuleManager: Shutting down and abandoning module StatsViewer (191)
[2015.12.02-14.05.44:740][470]LogModuleManager: Shutting down and abandoning module FoliageEdit (190)
[2015.12.02-14.05.44:740][470]LogModuleManager: Shutting down and abandoning module LandscapeEditor (189)
[2015.12.02-14.05.44:740][470]LogModuleManager: Shutting down and abandoning module ActorPickerMode (188)
[2015.12.02-14.05.44:740][470]LogModuleManager: Shutting down and abandoning module GeometryMode (187)
[2015.12.02-14.05.44:740][470]LogModuleManager: Shutting down and abandoning module TextureAlignMode (186)
[2015.12.02-14.05.44:740][470]LogModuleManager: Shutting down and abandoning module BspMode (185)
[2015.12.02-14.05.44:740][470]LogModuleManager: Shutting down and abandoning module PlacementMode (184)
[2015.12.02-14.05.44:740][470]LogModuleManager: Shutting down and abandoning module AutomationWorker (183)
[2015.12.02-14.05.44:740][470]LogModuleManager: Shutting down and abandoning module CharacterAI (182)
[2015.12.02-14.05.44:740][470]LogModuleManager: Shutting down and abandoning module SmartSnapping (181)
[2015.12.02-14.05.44:740][470]LogModuleManager: Shutting down and abandoning module ViewportSnapping (180)
[2015.12.02-14.05.44:740][470]LogModuleManager: Shutting down and abandoning module LogVisualizer (179)
[2015.12.02-14.05.44:740][470]LogModuleManager: Shutting down and abandoning module GameProjectGeneration (178)
[2015.12.02-14.05.44:740][470]LogModuleManager: Shutting down and abandoning module IntroTutorials (177)
[2015.12.02-14.05.44:740][470]LogModuleManager: Shutting down and abandoning module EditorLiveStreaming (176)
[2015.12.02-14.05.44:740][470]LogModuleManager: Shutting down and abandoning module IOSPlatformEditor (175)
[2015.12.02-14.05.44:740][470]LogModuleManager: Shutting down and abandoning module HTML5PlatformEditor (174)
[2015.12.02-14.05.44:740][470]LogModuleManager: Shutting down and abandoning module AndroidDeviceDetection (173)
[2015.12.02-14.05.45:185][470]LogModuleManager: Shutting down and abandoning module AndroidPlatformEditor (172)
[2015.12.02-14.05.45:185][470]LogModuleManager: Shutting down and abandoning module IOSRuntimeSettings (171)
[2015.12.02-14.05.45:185][470]LogModuleManager: Shutting down and abandoning module AndroidRuntimeSettings (170)
[2015.12.02-14.05.45:185][470]LogModuleManager: Shutting down and abandoning module MergeActors (169)
[2015.12.02-14.05.45:185][470]LogModuleManager: Shutting down and abandoning module SizeMap (168)
[2015.12.02-14.05.45:185][470]LogModuleManager: Shutting down and abandoning module TreeMap (167)
[2015.12.02-14.05.45:185][470]LogModuleManager: Shutting down and abandoning module ReferenceViewer (166)
[2015.12.02-14.05.45:185][470]LogModuleManager: Shutting down and abandoning module LocalizationService (165)
[2015.12.02-14.05.45:185][470]LogModuleManager: Shutting down and abandoning module LocalizationDashboard (164)
[2015.12.02-14.05.45:185][470]LogModuleManager: Shutting down and abandoning module HardwareTargeting (163)
[2015.12.02-14.05.45:185][470]LogModuleManager: Shutting down and abandoning module DeviceProfileEditor (162)
[2015.12.02-14.05.45:185][470]LogModuleManager: Shutting down and abandoning module UndoHistory (161)
[2015.12.02-14.05.45:185][470]LogModuleManager: Shutting down and abandoning module GameplayTagsEditor (160)
[2015.12.02-14.05.45:185][470]LogModuleManager: Shutting down and abandoning module UserFeedback (159)
[2015.12.02-14.05.45:185][470]LogModuleManager: Shutting down and abandoning module XmlParser (158)
[2015.12.02-14.05.45:185][470]LogModuleManager: Shutting down and abandoning module Blutility (157)
[2015.12.02-14.05.45:185][470]LogModuleManager: Shutting down and abandoning module ProjectTargetPlatformEditor (156)
[2015.12.02-14.05.45:185][470]LogModuleManager: Shutting down and abandoning module ProjectSettingsViewer (155)
[2015.12.02-14.05.45:185][470]LogModuleManager: Shutting down and abandoning module InputBindingEditor (154)
[2015.12.02-14.05.45:185][470]LogModuleManager: Shutting down and abandoning module EditorSettingsViewer (153)
[2015.12.02-14.05.45:185][470]LogModuleManager: Shutting down and abandoning module SettingsEditor (152)
[2015.12.02-14.05.45:185][470]LogModuleManager: Shutting down and abandoning module ProjectLauncher (151)
[2015.12.02-14.05.45:185][470]LogModuleManager: Shutting down and abandoning module SessionFrontend (150)
[2015.12.02-14.05.45:185][470]LogModuleManager: Shutting down and abandoning module ProfilerClient (149)
[2015.12.02-14.05.45:185][470]LogModuleManager: Shutting down and abandoning module TargetDeviceServices (148)
[2015.12.02-14.05.45:185][470]LogModuleManager: Shutting down and abandoning module DeviceManager (147)
[2015.12.02-14.05.45:185][470]LogModuleManager: Shutting down and abandoning module AutomationController (146)
[2015.12.02-14.05.45:185][470]LogModuleManager: Shutting down and abandoning module AutomationWindow (145)
[2015.12.02-14.05.45:185][470]LogModuleManager: Shutting down and abandoning module Layers (144)
[2015.12.02-14.05.45:185][470]LogModuleManager: Shutting down and abandoning module ComponentVisualizers (143)
[2015.12.02-14.05.45:185][470]LogModuleManager: Shutting down and abandoning module DetailCustomizations (142)
[2015.12.02-14.05.45:185][470]LogModuleManager: Shutting down and abandoning module PackagesDialog (141)
[2015.12.02-14.05.45:186][470]LogModuleManager: Shutting down and abandoning module Persona (140)
[2015.12.02-14.05.45:186][470]LogModuleManager: Shutting down and abandoning module Kismet (139)
[2015.12.02-14.05.45:186][470]LogModuleManager: Shutting down and abandoning module GraphEditor (138)
[2015.12.02-14.05.45:186][470]LogModuleManager: Shutting down and abandoning module ClassViewer (137)
[2015.12.02-14.05.45:187][470]LogModuleManager: Shutting down and abandoning module Toolbox (136)
[2015.12.02-14.05.45:187][470]LogModuleManager: Shutting down and abandoning module ModuleUI (135)
[2015.12.02-14.05.45:187][470]LogModuleManager: Shutting down and abandoning module MovieSceneTools (134)
[2015.12.02-14.05.45:187][470]LogModuleManager: Shutting down and abandoning module OutputLog (133)
[2015.12.02-14.05.45:187][470]LogModuleManager: Shutting down and abandoning module GammaUI (132)
[2015.12.02-14.05.45:187][470]LogModuleManager: Shutting down and abandoning module Documentation (131)
[2015.12.02-14.05.45:187][470]LogModuleManager: Shutting down and abandoning module GameLiveStreaming (130)
[2015.12.02-14.05.45:187][470]LogModuleManager: Shutting down and abandoning module StreamingPauseRendering (129)
[2015.12.02-14.05.45:187][470]LogModuleManager: Shutting down and abandoning module AnalyticsET (128)
[2015.12.02-14.05.45:187][470]LogModuleManager: Shutting down and abandoning module Analytics (127)
[2015.12.02-14.05.45:187][470]LogModuleManager: Shutting down and abandoning module AITestSuite (126)
[2015.12.02-14.05.45:187][470]LogModuleManager: Shutting down and abandoning module GameplayDebugger (125)
[2015.12.02-14.05.45:187][470]LogModuleManager: Shutting down and abandoning module AIModule (124)
[2015.12.02-14.05.45:187][470]LogModuleManager: Shutting down and abandoning module ProfilerService (123)
[2015.12.02-14.05.45:327][470]LogModuleManager: Shutting down and abandoning module TaskGraph (122)
[2015.12.02-14.05.45:327][470]LogModuleManager: Shutting down and abandoning module SlateRemote (121)
[2015.12.02-14.05.45:327][470]LogModuleManager: Shutting down and abandoning module SteamVRController (120)
[2015.12.02-14.05.45:327][470]LogModuleManager: Shutting down and abandoning module SteamVR (119)
[2015.12.02-14.05.45:327][470]LogModuleManager: Shutting down and abandoning module ProceduralMeshComponent (118)
[2015.12.02-14.05.45:327][470]LogModuleManager: Shutting down and abandoning module OculusLibrary (117)
[2015.12.02-14.05.45:327][470]LogModuleManager: Shutting down and abandoning module OculusInput (116)
[2015.12.02-14.05.45:327][470]LogModuleManager: Shutting down and abandoning module LeapMotionController (115)
[2015.12.02-14.05.45:337][470]LogModuleManager: Shutting down and abandoning module CustomMeshComponent (114)
[2015.12.02-14.05.45:337][470]LogModuleManager: Shutting down and abandoning module CableComponent (113)
[2015.12.02-14.05.45:337][470]LogModuleManager: Shutting down and abandoning module ArchVisCharacter (112)
[2015.12.02-14.05.45:337][470]LogModuleManager: Shutting down and abandoning module MessagingDebugger (111)
[2015.12.02-14.05.45:337][470]LogModuleManager: Shutting down and abandoning module MediaPlayerEditor (110)
[2015.12.02-14.05.45:337][470]LogModuleManager: Shutting down and abandoning module HTML5Networking (109)
[2015.12.02-14.05.45:337][470]LogModuleManager: Shutting down and abandoning module SpeedTreeImporter (108)
[2015.12.02-14.05.45:337][470]LogModuleManager: Shutting down and abandoning module PluginBrowser (107)
[2015.12.02-14.05.45:337][470]LogModuleManager: Shutting down and abandoning module EpicSurvey (106)
[2015.12.02-14.05.45:337][470]LogModuleManager: Shutting down and abandoning module DesktopPlatform (105)
[2015.12.02-14.05.45:337][470]LogModuleManager: Shutting down and abandoning module VisualStudioSourceCodeAccess (104)
[2015.12.02-14.05.45:337][470]LogModuleManager: Shutting down and abandoning module UObjectPlugin (103)
[2015.12.02-14.05.45:337][470]LogModuleManager: Shutting down and abandoning module SubversionSourceControl (102)
[2015.12.02-14.05.45:337][470]LogModuleManager: Shutting down and abandoning module PerforceSourceControl (101)
[2015.12.02-14.05.45:337][470]LogModuleManager: Shutting down and abandoning module SourceControl (100)
[2015.12.02-14.05.45:337][470]LogModuleManager: Shutting down and abandoning module GitSourceControl (99)
[2015.12.02-14.05.45:337][470]LogModuleManager: Shutting down and abandoning module LightPropagationVolumeEditor (98)
[2015.12.02-14.05.45:337][470]LogModuleManager: Shutting down and abandoning module PaperTiledImporter (97)
[2015.12.02-14.05.45:337][470]LogModuleManager: Shutting down and abandoning module PaperSpriteSheetImporter (96)
[2015.12.02-14.05.45:337][470]LogModuleManager: Shutting down and abandoning module MeshPaint (95)
[2015.12.02-14.05.45:337][470]LogModuleManager: Shutting down and abandoning module SlateReflector (94)
[2015.12.02-14.05.45:337][470]LogModuleManager: Shutting down and abandoning module HotReload (93)
[2015.12.02-14.05.45:337][470]LogModuleManager: Shutting down and abandoning module MainFrame (92)
[2015.12.02-14.05.45:337][470]LogModuleManager: Shutting down and abandoning module LevelEditor (91)
[2015.12.02-14.05.45:338][470]LogModuleManager: Shutting down and abandoning module DirectoryWatcher (90)
[2015.12.02-14.05.45:338][470]LogModuleManager: Shutting down and abandoning module AssetRegistry (89)
[2015.12.02-14.05.45:414][470]LogModuleManager: Shutting down and abandoning module ContentBrowser (88)
[2015.12.02-14.05.45:414][470]LogModuleManager: Shutting down and abandoning module Paper2DEditor (87)
[2015.12.02-14.05.45:414][470]LogModuleManager: Shutting down and abandoning module UdpMessaging (86)
[2015.12.02-14.05.45:515][470]LogModuleManager: Shutting down and abandoning module LightPropagationVolumeRuntime (85)
[2015.12.02-14.05.45:515][470]LogModuleManager: Shutting down and abandoning module Paper2D (84)
[2015.12.02-14.05.45:515][470]LogModuleManager: Shutting down and abandoning module WindowsMoviePlayer (83)
[2015.12.02-14.05.45:517][470]LogModuleManager: Shutting down and abandoning module Media (82)
[2015.12.02-14.05.45:517][470]LogModuleManager: Shutting down and abandoning module WmfMedia (81)
[2015.12.02-14.05.45:517][470]LogModuleManager: Shutting down and abandoning module OnlineBlueprintSupport (80)
[2015.12.02-14.05.45:517][470]LogModuleManager: Shutting down and abandoning module GameplayTasksEditor (79)
[2015.12.02-14.05.45:517][470]LogModuleManager: Shutting down and abandoning module PropertyEditor (78)
[2015.12.02-14.05.45:517][470]LogModuleManager: Shutting down and abandoning module BehaviorTreeEditor (77)
[2015.12.02-14.05.45:517][470]LogModuleManager: Shutting down and abandoning module FunctionalTesting (76)
[2015.12.02-14.05.45:517][470]LogModuleManager: Shutting down and abandoning module CollisionAnalyzer (75)
[2015.12.02-14.05.45:517][470]LogModuleManager: Shutting down and abandoning module WorkspaceMenuStructure (74)
[2015.12.02-14.05.45:517][470]LogModuleManager: Shutting down and abandoning module MessageLog (73)
[2015.12.02-14.05.45:517][470]LogModuleManager: Shutting down and abandoning module Sequencer (72)
[2015.12.02-14.05.45:517][470]LogModuleManager: Shutting down and abandoning module AssetTools (71)
[2015.12.02-14.05.45:517][470]LogModuleManager: Shutting down and abandoning module UMGEditor (70)
[2015.12.02-14.05.45:517][470]LogModuleManager: Shutting down and abandoning module UMG (69)
[2015.12.02-14.05.45:517][470]LogModuleManager: Shutting down and abandoning module Slate (68)
[2015.12.02-14.05.45:517][470]LogModuleManager: Shutting down and abandoning module EditorStyle (67)
[2015.12.02-14.05.45:518][470]LogModuleManager: Shutting down and abandoning module SessionServices (66)
[2015.12.02-14.05.45:518][470]LogModuleManager: Shutting down and abandoning module SourceCodeAccess (65)
[2015.12.02-14.05.45:518][470]LogModuleManager: Shutting down and abandoning module HeadMountedDisplay (64)
[2015.12.02-14.05.45:518][470]LogModuleManager: Shutting down and abandoning module XAudio2 (63)
[2015.12.02-14.05.45:518][470]LogModuleManager: Shutting down and abandoning module Networking (61)
[2015.12.02-14.05.45:518][470]LogModuleManager: Shutting down and abandoning module Core (60)
[2015.12.02-14.05.45:518][470]LogModuleManager: Shutting down and abandoning module KismetCompiler (59)
[2015.12.02-14.05.45:518][470]LogModuleManager: Shutting down and abandoning module PhysXFormats (58)
[2015.12.02-14.05.45:518][470]LogModuleManager: Shutting down and abandoning module MeshUtilities (57)
[2015.12.02-14.05.45:518][470]LogModuleManager: Shutting down and abandoning module DerivedDataCache (56)
[2015.12.02-14.05.45:610][470]LogDerivedDataCache: Shutdown
[2015.12.02-14.05.45:610][470]LogModuleManager: Shutting down and abandoning module ShaderFormatOpenGL (55)
[2015.12.02-14.05.45:610][470]LogModuleManager: Shutting down and abandoning module ShaderFormatD3D (54)
[2015.12.02-14.05.45:610][470]LogModuleManager: Shutting down and abandoning module MetalShaderFormat (53)
[2015.12.02-14.05.45:610][470]LogModuleManager: Shutting down and abandoning module TextureFormatUncompressed (52)
[2015.12.02-14.05.45:610][470]LogModuleManager: Shutting down and abandoning module TextureFormatPVR (51)
[2015.12.02-14.05.45:610][470]LogModuleManager: Shutting down and abandoning module TextureFormatIntelISPCTexComp (50)
[2015.12.02-14.05.45:610][470]LogModuleManager: Shutting down and abandoning module TextureFormatDXT (49)
[2015.12.02-14.05.45:610][470]LogModuleManager: Shutting down and abandoning module ImageWrapper (48)
[2015.12.02-14.05.45:610][470]LogModuleManager: Shutting down and abandoning module TextureFormatASTC (47)
[2015.12.02-14.05.45:610][470]LogModuleManager: Shutting down and abandoning module TextureFormatAndroid (46)
[2015.12.02-14.05.45:610][470]LogModuleManager: Shutting down and abandoning module AudioFormatOpus (45)
[2015.12.02-14.05.45:610][470]LogModuleManager: Shutting down and abandoning module AudioFormatOgg (44)
[2015.12.02-14.05.45:610][470]LogModuleManager: Shutting down and abandoning module AudioFormatADPCM (43)
[2015.12.02-14.05.45:610][470]LogModuleManager: Shutting down and abandoning module LinuxTargetPlatform (42)
[2015.12.02-14.05.45:610][470]LogModuleManager: Shutting down and abandoning module LinuxServerTargetPlatform (41)
[2015.12.02-14.05.45:610][470]LogModuleManager: Shutting down and abandoning module LinuxNoEditorTargetPlatform (40)
[2015.12.02-14.05.45:610][470]LogModuleManager: Shutting down and abandoning module Messaging (39)
[2015.12.02-14.05.45:610][470]LogModuleManager: Shutting down and abandoning module IOSTargetPlatform (38)
[2015.12.02-14.05.45:610][470]LogModuleManager: Shutting down and abandoning module HTML5TargetPlatform (37)
[2015.12.02-14.05.45:610][470]LogModuleManager: Shutting down and abandoning module Android_PVRTCTargetPlatform (36)
[2015.12.02-14.05.45:610][470]LogModuleManager: Shutting down and abandoning module Android_MultiTargetPlatform (35)
[2015.12.02-14.05.45:610][470]LogModuleManager: Shutting down and abandoning module Android_ETC2TargetPlatform (34)
[2015.12.02-14.05.45:610][470]LogModuleManager: Shutting down and abandoning module Android_ETC1TargetPlatform (33)
[2015.12.02-14.05.45:610][470]LogModuleManager: Shutting down and abandoning module Android_DXTTargetPlatform (32)
[2015.12.02-14.05.45:610][470]LogModuleManager: Shutting down and abandoning module Android_ATCTargetPlatform (31)
[2015.12.02-14.05.45:610][470]LogModuleManager: Shutting down and abandoning module Android_ASTCTargetPlatform (30)
[2015.12.02-14.05.45:610][470]LogModuleManager: Shutting down and abandoning module AndroidTargetPlatform (29)
[2015.12.02-14.05.45:610][470]LogModuleManager: Shutting down and abandoning module WindowsTargetPlatform (28)
[2015.12.02-14.05.45:610][470]LogModuleManager: Shutting down and abandoning module WindowsServerTargetPlatform (27)
[2015.12.02-14.05.45:610][470]LogModuleManager: Shutting down and abandoning module WindowsNoEditorTargetPlatform (26)
[2015.12.02-14.05.45:610][470]LogModuleManager: Shutting down and abandoning module WindowsClientTargetPlatform (25)
[2015.12.02-14.05.45:610][470]LogModuleManager: Shutting down and abandoning module AllDesktopTargetPlatform (24)
[2015.12.02-14.05.45:610][470]LogModuleManager: Shutting down and abandoning module TargetPlatform (23)
[2015.12.02-14.05.45:610][470]LogModuleManager: Shutting down and abandoning module InputCore (22)
[2015.12.02-14.05.45:610][470]LogModuleManager: Shutting down and abandoning module Settings (21)
[2015.12.02-14.05.45:610][470]LogModuleManager: Shutting down and abandoning module OnlineSubsystem (19)
[2015.12.02-14.05.45:610][470]LogModuleManager: Shutting down and abandoning module HTTP (18)
[2015.12.02-14.05.46:612][470]LogModuleManager: Shutting down and abandoning module XMPP (17)
[2015.12.02-14.05.46:612][470]LogModuleManager: Shutting down and abandoning module OculusRift (16)
[2015.12.02-14.05.46:612][470]LogModuleManager: Shutting down and abandoning module ExampleDeviceProfileSelector (15)
[2015.12.02-14.05.46:612][470]LogModuleManager: Shutting down and abandoning module TextureCompressor (14)
[2015.12.02-14.05.46:612][470]LogModuleManager: Shutting down and abandoning module ShaderCore (13)
[2015.12.02-14.05.46:612][470]LogModuleManager: Shutting down and abandoning module Landscape (12)
[2015.12.02-14.05.46:612][470]LogModuleManager: Shutting down and abandoning module SlateRHIRenderer (11)
[2015.12.02-14.05.46:612][470]LogModuleManager: Shutting down and abandoning module OpenGLDrv (10)
[2015.12.02-14.05.46:612][470]LogModuleManager: Shutting down and abandoning module D3D11RHI (9)
[2015.12.02-14.05.46:612][470]LogModuleManager: Shutting down and abandoning module AnimGraphRuntime (8)
[2015.12.02-14.05.46:612][470]LogModuleManager: Shutting down and abandoning module Renderer (7)
[2015.12.02-14.05.46:612][470]LogModuleManager: Shutting down and abandoning module Engine (6)
[2015.12.02-14.05.46:612][470]LogModuleManager: Shutting down and abandoning module CoreUObject (5)
[2015.12.02-14.05.46:612][470]LogModuleManager: Shutting down and abandoning module NetworkFile (4)
[2015.12.02-14.05.46:612][470]LogModuleManager: Shutting down and abandoning module StreamingFile (3)
[2015.12.02-14.05.46:612][470]LogModuleManager: Shutting down and abandoning module SandboxFile (2)
[2015.12.02-14.05.46:612][470]LogModuleManager: Shutting down and abandoning module PakFile (1)
[2015.12.02-14.05.46:613][470]LogExit: Exiting.
[2015.12.02-14.05.46:623][470]Log file closed, 12/02/15 08:05:46
